Log file open, 09/14/16 01:38:28
LogInit:Display: Running engine for game: Proyecto1PT
LogPlatformFile: Not using cached read wrapper
LogInit:Display: RandInit(9716742) SRandInit(9716746).
LogTaskGraph: Started task graph with 4 named threads and 5 total threads with 1 sets of task threads.
LogStats: Stats thread started at 0.170576
LogInit: Version: 4.12.5-3039270+++UE4+Release-4.12
LogInit: API Version: 2992821
LogInit: Net Version: 3039270
LogDevObjectVersion: Number of dev versions registered: 13
LogDevObjectVersion:   Dev-Blueprints (B0D832E4-1F89-4F0D-ACCF-7EB736FD4AA2): 3
LogDevObjectVersion:   Dev-Build (E1C64328-A22C-4D53-A36C-8E866417BD8C): 0
LogDevObjectVersion:   Dev-Core (375EC13C-06E4-48FB-B500-84F0262A717E): 1
LogDevObjectVersion:   Dev-Editor (E4B068ED-F494-42E9-A231-DA0B2E46BB41): 2
LogDevObjectVersion:   Dev-Framework (CFFC743F-43B0-4480-9391-14DF171D2073): 6
LogDevObjectVersion:   Dev-Mobile (B02B49B5-BB20-44E9-A304-32B752E40360): 0
LogDevObjectVersion:   Dev-Networking (A4E4105C-59A1-49B5-A7C5-40C4547EDFEE): 0
LogDevObjectVersion:   Dev-Online (39C831C9-5AE6-47DC-9A44-9C173E1C8E7C): 0
LogDevObjectVersion:   Dev-Physics (78F01B33-EBEA-4F98-B9B4-84EACCB95AA2): 0
LogDevObjectVersion:   Dev-Platform (6631380F-2D4D-43E0-8009-CF276956A95A): 0
LogDevObjectVersion:   Dev-Rendering (12F88B9F-8875-4AFC-A67C-D90C383ABD29): 2
LogDevObjectVersion:   Dev-Sequencer (7B5AE74C-D270-4C10-A958-57980B212A5A): 0
LogDevObjectVersion:   Dev-VR (D7296918-1DD6-4BDD-9DE2-64A83CC13884): 0
LogInit: Compiled (64-bit): Jul  6 2016 09:09:46
LogInit: Compiled with Visual C++: 19.00.23026.00
LogInit: Build Configuration: Development
LogInit: Branch Name: ++UE4+Release-4.12
LogInit: Command line: -EpicPortal 
LogInit: Base directory: C:/Program Files/Epic Games/4.12/Engine/Binaries/Win64/
LogInit: Installed Engine Build: 1
LogInit: Using libcurl 7.41.0
LogInit:  - built for x86_64-pc-win32
LogInit:  - supports SSL with WinSSL
LogInit:  - other features:
LogInit:      CURL_VERSION_SSL
LogInit:      CURL_VERSION_IPV6
LogInit:      CURL_VERSION_ASYNCHDNS
LogInit:      CURL_VERSION_LARGEFILE
LogInit:      CURL_VERSION_IDN
LogInit:  CurlRequestOptions (configurable via config and command line):
LogInit:  - bVerifyPeer = true  - Libcurl will verify peer certificate
LogInit:  - bUseHttpProxy = false  - Libcurl will NOT use HTTP proxy
LogInit:  - bDontReuseConnections = false  - Libcurl will reuse connections
LogInit:  - CertBundlePath = nullptr  - Libcurl will use whatever was configured at build time.
LogInit: Presizing for max 8388607 objects, including 0 objects not considered by GC, pre-allocating 0 bytes for permanent pool.
LogInit: Object subsystem initialized
[2016.09.14-06.38.28:439][  0]LogInit: Selected Device Profile: [Windows]
[2016.09.14-06.38.28:439][  0]LogInit: Applying CVar settings loaded from the selected device profile: [Windows]
[2016.09.14-06.38.28:541][  0]LogInit: Computer: DV7-3153CA
[2016.09.14-06.38.28:541][  0]LogInit: User: LAPTOP
[2016.09.14-06.38.28:541][  0]LogInit: CPU Page size=65536, Cores=2
[2016.09.14-06.38.28:541][  0]LogInit: High frequency timer resolution =2.208258 MHz
[2016.09.14-06.38.28:541][  0]LogMemory: Memory total: Physical=3.9GB (4GB approx)
[2016.09.14-06.38.28:541][  0]LogMemory: Platform Memory Stats for Windows
[2016.09.14-06.38.28:541][  0]LogMemory: Process Physical Memory: 189.14 MB used, 189.14 MB peak
[2016.09.14-06.38.28:541][  0]LogMemory: Process Virtual Memory: 194.66 MB used, 194.66 MB peak
[2016.09.14-06.38.28:542][  0]LogMemory: Physical Memory: 3162.00 MB used, 4022.86 MB total
[2016.09.14-06.38.28:542][  0]LogMemory: Virtual Memory: 551.99 MB used, 134217728.00 MB total
[2016.09.14-06.38.28:820][  0]LogTextLocalizationManager: No specific translations for ('en-US') exist, so ('en') translations will be used.
[2016.09.14-06.38.29:770][  0]LogD3D11RHI: D3D11 adapters:
[2016.09.14-06.38.29:811][  0]LogD3D11RHI:    0. 'NVIDIA GeForce GT 230M   ' (Feature Level 10_0)
[2016.09.14-06.38.29:811][  0]LogD3D11RHI:       972/0/2011 MB DedicatedVideo/DedicatedSystem/SharedSystem, Outputs:1, VendorId:0x10de
[2016.09.14-06.38.29:814][  0]LogD3D11RHI:    1. 'Microsoft Basic Render Driver' (Feature Level 11_0)
[2016.09.14-06.38.29:814][  0]LogD3D11RHI:       0/0/2011 MB DedicatedVideo/DedicatedSystem/SharedSystem, Outputs:0, VendorId:0x1414
[2016.09.14-06.38.29:814][  0]LogD3D11RHI: Chosen D3D11 Adapter: 0
[2016.09.14-06.38.29:827][  0]LogD3D11RHI: Creating new Direct3DDevice
[2016.09.14-06.38.29:828][  0]LogD3D11RHI:     GPU DeviceId: 0xa28 (for the marketing name, search the web for "GPU Device Id")
[2016.09.14-06.38.29:828][  0]LogWindows: EnumDisplayDevices:
[2016.09.14-06.38.29:828][  0]LogWindows:    0. 'NVIDIA GeForce GT 230M   ' (P:1 D:1)
[2016.09.14-06.38.29:828][  0]LogWindows:    1. 'NVIDIA GeForce GT 230M   ' (P:0 D:0)
[2016.09.14-06.38.29:828][  0]LogWindows: DebugString: FoundDriverCount:2 
[2016.09.14-06.38.29:828][  0]LogD3D11RHI:     Adapter Name: NVIDIA GeForce GT 230M   
[2016.09.14-06.38.29:828][  0]LogD3D11RHI:   Driver Version: 341.95 (internal:9.18.13.4195, unified:341.95)
[2016.09.14-06.38.29:828][  0]LogD3D11RHI:      Driver Date: 1-29-2016
[2016.09.14-06.38.29:828][  0]LogRHI: Texture pool is 680 MB (70% of 972 MB)
[2016.09.14-06.38.29:841][  0]LogD3D11RHI: Async texture creation enabled
[2016.09.14-06.38.29:868][  0]LogD3D11RHI: GPU Timing Frequency: 1000.000000 (Debug: 2 3)
[2016.09.14-06.38.29:878][  0]LogWindowsTextInputMethodSystem:Display: IME system now deactivated.
[2016.09.14-06.38.32:891][  0]LogWindowsTextInputMethodSystem:Display: IME system now deactivated.
[2016.09.14-06.38.32:893][  0]LogShaderCompilers: Guid format shader working directory is -21 characters bigger than the processId version (../../../../../../Users/LAPTOP/Documents/Unreal Projects/Proyecto1PT/Intermediate/Shaders/WorkingDirectory/7484/).
[2016.09.14-06.38.32:893][  0]LogShaderCompilers: Cleaned the shader compiler working directory 'C:/Users/LAPTOP/AppData/Local/Temp/UnrealShaderWorkingDir/28582EC248B30A04B87ACCAB3943C2CB/'.
[2016.09.14-06.38.32:893][  0]LogShaderCompilers:Display: Using Local Shader Compiler.
[2016.09.14-06.38.50:693][  0]LogTemp:Display: Loaded TP AllDesktopTargetPlatform
[2016.09.14-06.38.50:732][  0]LogTemp:Display: Loaded TP WindowsClientTargetPlatform
[2016.09.14-06.38.50:763][  0]LogTemp:Display: Loaded TP WindowsNoEditorTargetPlatform
[2016.09.14-06.38.50:829][  0]LogTemp:Display: Loaded TP WindowsServerTargetPlatform
[2016.09.14-06.38.50:960][  0]LogTemp:Display: Loaded TP WindowsTargetPlatform
[2016.09.14-06.38.51:069][  0]LogTemp:Display: Loaded TP AndroidTargetPlatform
[2016.09.14-06.38.51:108][  0]LogTemp:Display: Loaded TP Android_ASTCTargetPlatform
[2016.09.14-06.38.51:156][  0]LogTemp:Display: Loaded TP Android_ATCTargetPlatform
[2016.09.14-06.38.51:194][  0]LogTemp:Display: Loaded TP Android_DXTTargetPlatform
[2016.09.14-06.38.51:251][  0]LogTemp:Display: Loaded TP Android_ETC1TargetPlatform
[2016.09.14-06.38.51:345][  0]LogTemp:Display: Loaded TP Android_ETC2TargetPlatform
[2016.09.14-06.38.51:562][  0]LogTemp:Display: Loaded TP Android_MultiTargetPlatform
[2016.09.14-06.38.51:562][  0]LogTemp:Display: Loaded TP Android_PVRTCTargetPlatform
[2016.09.14-06.38.51:721][  0]LogTemp:Display: Loaded TP HTML5TargetPlatform
[2016.09.14-06.38.51:916][  0]LogTemp:Display: Loaded TP IOSTargetPlatform
[2016.09.14-06.38.51:932][  0]LogTemp:Display: Loaded TP TVOSTargetPlatform
[2016.09.14-06.38.51:981][  0]LogTemp:Display: Loaded TP LinuxNoEditorTargetPlatform
[2016.09.14-06.38.52:024][  0]LogTemp:Display: Loaded TP LinuxServerTargetPlatform
[2016.09.14-06.38.52:137][  0]LogTemp:Display: Loaded TP LinuxTargetPlatform
[2016.09.14-06.38.52:137][  0]LogTargetPlatformManager:Display: Building Assets For Windows
[2016.09.14-06.38.53:702][  0]LogDerivedDataCache:Display: Max Cache Size: 512 MB
[2016.09.14-06.38.56:574][  0]LogDerivedDataCache: Loaded boot cache 2.86s 56MB C:/Users/LAPTOP/AppData/Local/UnrealEngine/4.12/DerivedDataCache/Boot.ddc.
[2016.09.14-06.38.56:574][  0]LogDerivedDataCache:Display: Loaded Boot cache: C:/Users/LAPTOP/AppData/Local/UnrealEngine/4.12/DerivedDataCache/Boot.ddc
[2016.09.14-06.38.56:574][  0]LogDerivedDataCache: FDerivedDataBackendGraph:  Pak pak cache file ../../../../../../Users/LAPTOP/Documents/Unreal Projects/Proyecto1PT/DerivedDataCache/DDC.ddp not found, will not use a pak cache.
[2016.09.14-06.38.56:574][  0]LogDerivedDataCache: Unable to find inner node Pak for hierarchical cache Hierarchy.
[2016.09.14-06.38.56:574][  0]LogDerivedDataCache: FDerivedDataBackendGraph:  CompressedPak pak cache file ../../../../../../Users/LAPTOP/Documents/Unreal Projects/Proyecto1PT/DerivedDataCache/Compressed.ddp not found, will not use a pak cache.
[2016.09.14-06.38.56:574][  0]LogDerivedDataCache: Unable to find inner node CompressedPak for hierarchical cache Hierarchy.
[2016.09.14-06.38.56:623][  0]LogDerivedDataCache:Display: Pak cache opened for reading ../../../Engine/DerivedDataCache/Compressed.ddp.
[2016.09.14-06.38.56:636][  0]LogDerivedDataCache: Using Local data cache path C:/Users/LAPTOP/AppData/Local/UnrealEngine/Common/DerivedDataCache: Writable
[2016.09.14-06.39.28:631][  0]LogInit: Selected Device Profile: [Windows]
[2016.09.14-06.39.28:633][  0]LogContentStreaming: Texture pool size is 0.00 MB
[2016.09.14-06.39.29:011][  0]LogMeshUtilities: No automatic mesh reduction module available
[2016.09.14-06.39.29:011][  0]LogMeshUtilities: No automatic mesh merging module available
[2016.09.14-06.39.29:011][  0]LogMeshUtilities: No distributed automatic mesh merging module available
[2016.09.14-06.39.29:829][  0]LogAssetRegistry: FAssetRegistry took 0.0225 seconds to start up
[2016.09.14-06.39.29:958][  0]LogPackageLocalizationCache: Processed 3 localized package path(s) for 2 prioritized culture(s) in 0.123562 seconds
[2016.09.14-06.39.29:969][  0]LogUObjectArray: 28739 objects as part of root set at end of initial load.
[2016.09.14-06.39.29:969][  0]LogUObjectAllocator: 5855624 out of 0 bytes used by permanent object pool.
[2016.09.14-06.39.29:969][  0]LogUObjectArray: CloseDisregardForGC: 0/0 objects in disregard for GC pool
[2016.09.14-06.39.30:042][  0]LogInit: WinSock: version 1.1 (2.2), MaxSocks=32767, MaxUdp=65467
[2016.09.14-06.39.37:835][  0]LogSlate: SlateFontCache - WITH_FREETYPE: 1, WITH_HARFBUZZ: 1
[2016.09.14-06.39.37:835][  0]LogSlate: SlateFontCache - WITH_FREETYPE: 1, WITH_HARFBUZZ: 1
[2016.09.14-06.41.16:552][  0]LogUdpMessaging: Initializing bridge on interface 0.0.0.0:0 to multicast group 230.0.0.1:6666.
[2016.09.14-06.41.18:962][  0]SourceControl: Info Source control is disabled
[2016.09.14-06.41.18:964][  0]SourceControl: Info Source control is disabled
[2016.09.14-06.41.19:116][  0]SourceControl: Info Source control is disabled
[2016.09.14-06.41.19:230][  0]SourceControl: Info Source control is disabled
[2016.09.14-06.41.21:457][  0]LogEngine: Initializing Engine...
[2016.09.14-06.41.25:290][  0]LogHMD: SteamVR failed to initialize.  Err: 108
[2016.09.14-06.41.25:302][  0]LogHMD: SteamVR failed to initialize.  Err: 108
[2016.09.14-06.41.25:694][  0]LogAIModule: Creating AISystem for world NewWorld
[2016.09.14-06.41.25:862][  0]LogInit: XAudio2 using 'Speakers and Dual Headphones (IDT High Definition Audio CODEC)' : 2 channels at 48 kHz using 16 bits per sample (channel mask 0x3)
[2016.09.14-06.41.25:923][  0]LogInit: FAudioDevice initialized.
[2016.09.14-06.41.25:974][  0]LogDerivedDataCache: Saved boot cache 0.05s 56MB C:/Users/LAPTOP/AppData/Local/UnrealEngine/4.12/DerivedDataCache/Boot.ddc.
[2016.09.14-06.41.25:993][  0]LogInit: Texture streaming: Enabled
[2016.09.14-06.41.26:185][  0]LogInit: Transaction tracking system initialized
[2016.09.14-06.41.27:100][  0]BlueprintLog: New page: Editor Load
[2016.09.14-06.41.30:886][  0]LocalizationService: Info Localization service is disabled
[2016.09.14-06.41.32:691][  0]LogConsoleResponse:Display: 
[2016.09.14-06.41.36:053][  0]LogFileCache: Scanning file cache for directory 'C:/Users/LAPTOP/Documents/Unreal Projects/Proyecto1PT/Content/' took 0.01s
[2016.09.14-06.41.36:053][  0]LogCook:Display: Max memory allowance for cook 8192mb
[2016.09.14-06.41.36:053][  0]LogCook:Display: Mobile HDR setting 1
[2016.09.14-06.41.41:132][  0]SourceControl: Info Source control is disabled
[2016.09.14-06.41.42:304][  0]LogFactory: FactoryCreateFile: PackFactory with PackFactory (0 0 C:/Program Files/Epic Games/4.12/FeaturePacks/StarterContent.upack)
[2016.09.14-06.41.44:102][  0]LogPackFactory: Finished extracting 8 files (including 0 errors).
[2016.09.14-06.41.44:327][  0]LogPackFactory: Copied "../../../Samples/StarterContent/Content/StarterContent/Architecture/Floor_400x400.uasset" to "../../../../../../Users/LAPTOP/Documents/Unreal Projects/Proyecto1PT/Content/StarterContent/Architecture/Floor_400x400.uasset"
[2016.09.14-06.41.44:379][  0]LogPackFactory: Copied "../../../Samples/StarterContent/Content/StarterContent/Architecture/Pillar_50x500.uasset" to "../../../../../../Users/LAPTOP/Documents/Unreal Projects/Proyecto1PT/Content/StarterContent/Architecture/Pillar_50x500.uasset"
[2016.09.14-06.41.44:471][  0]LogPackFactory: Copied "../../../Samples/StarterContent/Content/StarterContent/Architecture/SM_AssetPlatform.uasset" to "../../../../../../Users/LAPTOP/Documents/Unreal Projects/Proyecto1PT/Content/StarterContent/Architecture/SM_AssetPlatform.uasset"
[2016.09.14-06.41.44:551][  0]LogPackFactory: Copied "../../../Samples/StarterContent/Content/StarterContent/Architecture/Wall_400x200.uasset" to "../../../../../../Users/LAPTOP/Documents/Unreal Projects/Proyecto1PT/Content/StarterContent/Architecture/Wall_400x200.uasset"
[2016.09.14-06.41.44:633][  0]LogPackFactory: Copied "../../../Samples/StarterContent/Content/StarterContent/Architecture/Wall_400x300.uasset" to "../../../../../../Users/LAPTOP/Documents/Unreal Projects/Proyecto1PT/Content/StarterContent/Architecture/Wall_400x300.uasset"
[2016.09.14-06.41.44:731][  0]LogPackFactory: Copied "../../../Samples/StarterContent/Content/StarterContent/Architecture/Wall_400x400.uasset" to "../../../../../../Users/LAPTOP/Documents/Unreal Projects/Proyecto1PT/Content/StarterContent/Architecture/Wall_400x400.uasset"
[2016.09.14-06.41.44:929][  0]LogPackFactory: Copied "../../../Samples/StarterContent/Content/StarterContent/Architecture/Wall_500x500.uasset" to "../../../../../../Users/LAPTOP/Documents/Unreal Projects/Proyecto1PT/Content/StarterContent/Architecture/Wall_500x500.uasset"
[2016.09.14-06.41.45:003][  0]LogPackFactory: Copied "../../../Samples/StarterContent/Content/StarterContent/Architecture/Wall_Door_400x300.uasset" to "../../../../../../Users/LAPTOP/Documents/Unreal Projects/Proyecto1PT/Content/StarterContent/Architecture/Wall_Door_400x300.uasset"
[2016.09.14-06.41.45:035][  0]LogPackFactory: Copied "../../../Samples/StarterContent/Content/StarterContent/Architecture/Wall_Door_400x400.uasset" to "../../../../../../Users/LAPTOP/Documents/Unreal Projects/Proyecto1PT/Content/StarterContent/Architecture/Wall_Door_400x400.uasset"
[2016.09.14-06.41.45:057][  0]LogPackFactory: Copied "../../../Samples/StarterContent/Content/StarterContent/Architecture/Wall_Window_400x300.uasset" to "../../../../../../Users/LAPTOP/Documents/Unreal Projects/Proyecto1PT/Content/StarterContent/Architecture/Wall_Window_400x300.uasset"
[2016.09.14-06.41.45:403][  0]LogPackFactory: Copied "../../../Samples/StarterContent/Content/StarterContent/Architecture/Wall_Window_400x400.uasset" to "../../../../../../Users/LAPTOP/Documents/Unreal Projects/Proyecto1PT/Content/StarterContent/Architecture/Wall_Window_400x400.uasset"
[2016.09.14-06.41.45:483][  0]LogPackFactory: Copied "../../../Samples/StarterContent/Content/StarterContent/Audio/Collapse01.uasset" to "../../../../../../Users/LAPTOP/Documents/Unreal Projects/Proyecto1PT/Content/StarterContent/Audio/Collapse01.uasset"
[2016.09.14-06.41.45:615][  0]LogPackFactory: Copied "../../../Samples/StarterContent/Content/StarterContent/Audio/Collapse02.uasset" to "../../../../../../Users/LAPTOP/Documents/Unreal Projects/Proyecto1PT/Content/StarterContent/Audio/Collapse02.uasset"
[2016.09.14-06.41.45:653][  0]LogPackFactory: Copied "../../../Samples/StarterContent/Content/StarterContent/Audio/Collapse_Cue.uasset" to "../../../../../../Users/LAPTOP/Documents/Unreal Projects/Proyecto1PT/Content/StarterContent/Audio/Collapse_Cue.uasset"
[2016.09.14-06.41.45:735][  0]LogPackFactory: Copied "../../../Samples/StarterContent/Content/StarterContent/Audio/Explosion01.uasset" to "../../../../../../Users/LAPTOP/Documents/Unreal Projects/Proyecto1PT/Content/StarterContent/Audio/Explosion01.uasset"
[2016.09.14-06.41.45:807][  0]LogPackFactory: Copied "../../../Samples/StarterContent/Content/StarterContent/Audio/Explosion02.uasset" to "../../../../../../Users/LAPTOP/Documents/Unreal Projects/Proyecto1PT/Content/StarterContent/Audio/Explosion02.uasset"
[2016.09.14-06.41.45:940][  0]LogPackFactory: Copied "../../../Samples/StarterContent/Content/StarterContent/Audio/Explosion_Cue.uasset" to "../../../../../../Users/LAPTOP/Documents/Unreal Projects/Proyecto1PT/Content/StarterContent/Audio/Explosion_Cue.uasset"
[2016.09.14-06.41.46:020][  0]LogPackFactory: Copied "../../../Samples/StarterContent/Content/StarterContent/Audio/Fire01.uasset" to "../../../../../../Users/LAPTOP/Documents/Unreal Projects/Proyecto1PT/Content/StarterContent/Audio/Fire01.uasset"
[2016.09.14-06.41.46:157][  0]LogPackFactory: Copied "../../../Samples/StarterContent/Content/StarterContent/Audio/Fire01_Cue.uasset" to "../../../../../../Users/LAPTOP/Documents/Unreal Projects/Proyecto1PT/Content/StarterContent/Audio/Fire01_Cue.uasset"
[2016.09.14-06.41.46:287][  0]LogPackFactory: Copied "../../../Samples/StarterContent/Content/StarterContent/Audio/Fire_Sparks01.uasset" to "../../../../../../Users/LAPTOP/Documents/Unreal Projects/Proyecto1PT/Content/StarterContent/Audio/Fire_Sparks01.uasset"
[2016.09.14-06.41.46:380][  0]LogPackFactory: Copied "../../../Samples/StarterContent/Content/StarterContent/Audio/Fire_Sparks01_Cue.uasset" to "../../../../../../Users/LAPTOP/Documents/Unreal Projects/Proyecto1PT/Content/StarterContent/Audio/Fire_Sparks01_Cue.uasset"
[2016.09.14-06.41.46:454][  0]LogPackFactory: Copied "../../../Samples/StarterContent/Content/StarterContent/Audio/Light01.uasset" to "../../../../../../Users/LAPTOP/Documents/Unreal Projects/Proyecto1PT/Content/StarterContent/Audio/Light01.uasset"
[2016.09.14-06.41.46:505][  0]LogPackFactory: Copied "../../../Samples/StarterContent/Content/StarterContent/Audio/Light01_Cue.uasset" to "../../../../../../Users/LAPTOP/Documents/Unreal Projects/Proyecto1PT/Content/StarterContent/Audio/Light01_Cue.uasset"
[2016.09.14-06.41.46:561][  0]LogPackFactory: Copied "../../../Samples/StarterContent/Content/StarterContent/Audio/Light02.uasset" to "../../../../../../Users/LAPTOP/Documents/Unreal Projects/Proyecto1PT/Content/StarterContent/Audio/Light02.uasset"
[2016.09.14-06.41.46:660][  0]LogPackFactory: Copied "../../../Samples/StarterContent/Content/StarterContent/Audio/Light02_Cue.uasset" to "../../../../../../Users/LAPTOP/Documents/Unreal Projects/Proyecto1PT/Content/StarterContent/Audio/Light02_Cue.uasset"
[2016.09.14-06.41.46:754][  0]LogPackFactory: Copied "../../../Samples/StarterContent/Content/StarterContent/Audio/Smoke01.uasset" to "../../../../../../Users/LAPTOP/Documents/Unreal Projects/Proyecto1PT/Content/StarterContent/Audio/Smoke01.uasset"
[2016.09.14-06.41.46:858][  0]LogPackFactory: Copied "../../../Samples/StarterContent/Content/StarterContent/Audio/Smoke01_Cue.uasset" to "../../../../../../Users/LAPTOP/Documents/Unreal Projects/Proyecto1PT/Content/StarterContent/Audio/Smoke01_Cue.uasset"
[2016.09.14-06.41.47:012][  0]LogPackFactory: Copied "../../../Samples/StarterContent/Content/StarterContent/Audio/Starter_Background_Cue.uasset" to "../../../../../../Users/LAPTOP/Documents/Unreal Projects/Proyecto1PT/Content/StarterContent/Audio/Starter_Background_Cue.uasset"
[2016.09.14-06.41.47:095][  0]LogPackFactory: Copied "../../../Samples/StarterContent/Content/StarterContent/Audio/Starter_Birds01.uasset" to "../../../../../../Users/LAPTOP/Documents/Unreal Projects/Proyecto1PT/Content/StarterContent/Audio/Starter_Birds01.uasset"
[2016.09.14-06.41.47:353][  0]LogPackFactory: Copied "../../../Samples/StarterContent/Content/StarterContent/Audio/Starter_Music01.uasset" to "../../../../../../Users/LAPTOP/Documents/Unreal Projects/Proyecto1PT/Content/StarterContent/Audio/Starter_Music01.uasset"
[2016.09.14-06.41.47:507][  0]LogPackFactory: Copied "../../../Samples/StarterContent/Content/StarterContent/Audio/Starter_Music_Cue.uasset" to "../../../../../../Users/LAPTOP/Documents/Unreal Projects/Proyecto1PT/Content/StarterContent/Audio/Starter_Music_Cue.uasset"
[2016.09.14-06.41.47:583][  0]LogPackFactory: Copied "../../../Samples/StarterContent/Content/StarterContent/Audio/Starter_Wind05.uasset" to "../../../../../../Users/LAPTOP/Documents/Unreal Projects/Proyecto1PT/Content/StarterContent/Audio/Starter_Wind05.uasset"
[2016.09.14-06.41.47:735][  0]LogPackFactory: Copied "../../../Samples/StarterContent/Content/StarterContent/Audio/Starter_Wind06.uasset" to "../../../../../../Users/LAPTOP/Documents/Unreal Projects/Proyecto1PT/Content/StarterContent/Audio/Starter_Wind06.uasset"
[2016.09.14-06.41.47:927][  0]LogPackFactory: Copied "../../../Samples/StarterContent/Content/StarterContent/Audio/Steam01.uasset" to "../../../../../../Users/LAPTOP/Documents/Unreal Projects/Proyecto1PT/Content/StarterContent/Audio/Steam01.uasset"
[2016.09.14-06.41.48:866][  0]LogPackFactory: Copied "../../../Samples/StarterContent/Content/StarterContent/Audio/Steam01_Cue.uasset" to "../../../../../../Users/LAPTOP/Documents/Unreal Projects/Proyecto1PT/Content/StarterContent/Audio/Steam01_Cue.uasset"
[2016.09.14-06.41.49:593][  0]LogPackFactory: Copied "../../../Samples/StarterContent/Content/StarterContent/Blueprints/Blueprint_CeilingLight.uasset" to "../../../../../../Users/LAPTOP/Documents/Unreal Projects/Proyecto1PT/Content/StarterContent/Blueprints/Blueprint_CeilingLight.uasset"
[2016.09.14-06.41.49:620][  0]LogPackFactory: Copied "../../../Samples/StarterContent/Content/StarterContent/Blueprints/Blueprint_Effect_Explosion.uasset" to "../../../../../../Users/LAPTOP/Documents/Unreal Projects/Proyecto1PT/Content/StarterContent/Blueprints/Blueprint_Effect_Explosion.uasset"
[2016.09.14-06.41.49:880][  0]LogPackFactory: Copied "../../../Samples/StarterContent/Content/StarterContent/Blueprints/Blueprint_Effect_Fire.uasset" to "../../../../../../Users/LAPTOP/Documents/Unreal Projects/Proyecto1PT/Content/StarterContent/Blueprints/Blueprint_Effect_Fire.uasset"
[2016.09.14-06.41.49:927][  0]LogPackFactory: Copied "../../../Samples/StarterContent/Content/StarterContent/Blueprints/Blueprint_Effect_Smoke.uasset" to "../../../../../../Users/LAPTOP/Documents/Unreal Projects/Proyecto1PT/Content/StarterContent/Blueprints/Blueprint_Effect_Smoke.uasset"
[2016.09.14-06.41.50:022][  0]LogPackFactory: Copied "../../../Samples/StarterContent/Content/StarterContent/Blueprints/Blueprint_Effect_Sparks.uasset" to "../../../../../../Users/LAPTOP/Documents/Unreal Projects/Proyecto1PT/Content/StarterContent/Blueprints/Blueprint_Effect_Sparks.uasset"
[2016.09.14-06.41.50:076][  0]LogPackFactory: Copied "../../../Samples/StarterContent/Content/StarterContent/Blueprints/Blueprint_Effect_Steam.uasset" to "../../../../../../Users/LAPTOP/Documents/Unreal Projects/Proyecto1PT/Content/StarterContent/Blueprints/Blueprint_Effect_Steam.uasset"
[2016.09.14-06.41.50:138][  0]LogPackFactory: Copied "../../../Samples/StarterContent/Content/StarterContent/Blueprints/Blueprint_WallSconce.uasset" to "../../../../../../Users/LAPTOP/Documents/Unreal Projects/Proyecto1PT/Content/StarterContent/Blueprints/Blueprint_WallSconce.uasset"
[2016.09.14-06.41.50:205][  0]LogPackFactory: Copied "../../../Samples/StarterContent/Content/StarterContent/Blueprints/BP_LightStudio.uasset" to "../../../../../../Users/LAPTOP/Documents/Unreal Projects/Proyecto1PT/Content/StarterContent/Blueprints/BP_LightStudio.uasset"
[2016.09.14-06.41.50:436][  0]LogPackFactory: Copied "../../../Samples/StarterContent/Content/StarterContent/Blueprints/Assets/FogBrightnessLUT.uasset" to "../../../../../../Users/LAPTOP/Documents/Unreal Projects/Proyecto1PT/Content/StarterContent/Blueprints/Assets/FogBrightnessLUT.uasset"
[2016.09.14-06.41.51:004][  0]LogPackFactory: Copied "../../../Samples/StarterContent/Content/StarterContent/Blueprints/Assets/M_LightStage_Arrows.uasset" to "../../../../../../Users/LAPTOP/Documents/Unreal Projects/Proyecto1PT/Content/StarterContent/Blueprints/Assets/M_LightStage_Arrows.uasset"
[2016.09.14-06.41.51:160][  0]LogPackFactory: Copied "../../../Samples/StarterContent/Content/StarterContent/Blueprints/Assets/M_LightStage_Skybox_Black.uasset" to "../../../../../../Users/LAPTOP/Documents/Unreal Projects/Proyecto1PT/Content/StarterContent/Blueprints/Assets/M_LightStage_Skybox_Black.uasset"
[2016.09.14-06.41.51:278][  0]LogPackFactory: Copied "../../../Samples/StarterContent/Content/StarterContent/Blueprints/Assets/M_LightStage_Skybox_HDRI.uasset" to "../../../../../../Users/LAPTOP/Documents/Unreal Projects/Proyecto1PT/Content/StarterContent/Blueprints/Assets/M_LightStage_Skybox_HDRI.uasset"
[2016.09.14-06.41.51:382][  0]LogPackFactory: Copied "../../../Samples/StarterContent/Content/StarterContent/Blueprints/Assets/M_LightStage_Skybox_Master.uasset" to "../../../../../../Users/LAPTOP/Documents/Unreal Projects/Proyecto1PT/Content/StarterContent/Blueprints/Assets/M_LightStage_Skybox_Master.uasset"
[2016.09.14-06.41.51:490][  0]LogPackFactory: Copied "../../../Samples/StarterContent/Content/StarterContent/Blueprints/Assets/Skybox.uasset" to "../../../../../../Users/LAPTOP/Documents/Unreal Projects/Proyecto1PT/Content/StarterContent/Blueprints/Assets/Skybox.uasset"
[2016.09.14-06.41.51:570][  0]LogPackFactory: Copied "../../../Samples/StarterContent/Content/StarterContent/Blueprints/Assets/SM_Arrows.uasset" to "../../../../../../Users/LAPTOP/Documents/Unreal Projects/Proyecto1PT/Content/StarterContent/Blueprints/Assets/SM_Arrows.uasset"
[2016.09.14-06.41.51:976][  0]LogPackFactory: Copied "../../../Samples/StarterContent/Content/StarterContent/Blueprints/Assets/SunlightColorLUT.uasset" to "../../../../../../Users/LAPTOP/Documents/Unreal Projects/Proyecto1PT/Content/StarterContent/Blueprints/Assets/SunlightColorLUT.uasset"
[2016.09.14-06.42.25:522][  0]LogPackFactory: Copied "../../../Samples/StarterContent/Content/StarterContent/HDRI/HDRI_Epic_Courtyard_Daylight.uasset" to "../../../../../../Users/LAPTOP/Documents/Unreal Projects/Proyecto1PT/Content/StarterContent/HDRI/HDRI_Epic_Courtyard_Daylight.uasset"
[2016.09.14-06.42.25:600][  0]LogPackFactory: Copied "../../../Samples/StarterContent/Content/StarterContent/Maps/Advanced_Lighting.umap" to "../../../../../../Users/LAPTOP/Documents/Unreal Projects/Proyecto1PT/Content/StarterContent/Maps/Advanced_Lighting.umap"
[2016.09.14-06.42.25:769][  0]LogPackFactory: Copied "../../../Samples/StarterContent/Content/StarterContent/Maps/Minimal_Default.umap" to "../../../../../../Users/LAPTOP/Documents/Unreal Projects/Proyecto1PT/Content/StarterContent/Maps/Minimal_Default.umap"
[2016.09.14-06.42.30:755][  0]LogPackFactory: Copied "../../../Samples/StarterContent/Content/StarterContent/Maps/StarterMap.umap" to "../../../../../../Users/LAPTOP/Documents/Unreal Projects/Proyecto1PT/Content/StarterContent/Maps/StarterMap.umap"
[2016.09.14-06.42.31:195][  0]LogPackFactory: Copied "../../../Samples/StarterContent/Content/StarterContent/Materials/M_AssetPlatform.uasset" to "../../../../../../Users/LAPTOP/Documents/Unreal Projects/Proyecto1PT/Content/StarterContent/Materials/M_AssetPlatform.uasset"
[2016.09.14-06.42.31:272][  0]LogPackFactory: Copied "../../../Samples/StarterContent/Content/StarterContent/Materials/M_Basic_Floor.uasset" to "../../../../../../Users/LAPTOP/Documents/Unreal Projects/Proyecto1PT/Content/StarterContent/Materials/M_Basic_Floor.uasset"
[2016.09.14-06.42.31:370][  0]LogPackFactory: Copied "../../../Samples/StarterContent/Content/StarterContent/Materials/M_Basic_Wall.uasset" to "../../../../../../Users/LAPTOP/Documents/Unreal Projects/Proyecto1PT/Content/StarterContent/Materials/M_Basic_Wall.uasset"
[2016.09.14-06.42.31:517][  0]LogPackFactory: Copied "../../../Samples/StarterContent/Content/StarterContent/Materials/M_Brick_Clay_Beveled.uasset" to "../../../../../../Users/LAPTOP/Documents/Unreal Projects/Proyecto1PT/Content/StarterContent/Materials/M_Brick_Clay_Beveled.uasset"
[2016.09.14-06.42.31:627][  0]LogPackFactory: Copied "../../../Samples/StarterContent/Content/StarterContent/Materials/M_Brick_Clay_New.uasset" to "../../../../../../Users/LAPTOP/Documents/Unreal Projects/Proyecto1PT/Content/StarterContent/Materials/M_Brick_Clay_New.uasset"
[2016.09.14-06.42.31:716][  0]LogPackFactory: Copied "../../../Samples/StarterContent/Content/StarterContent/Materials/M_Brick_Clay_Old.uasset" to "../../../../../../Users/LAPTOP/Documents/Unreal Projects/Proyecto1PT/Content/StarterContent/Materials/M_Brick_Clay_Old.uasset"
[2016.09.14-06.42.31:806][  0]LogPackFactory: Copied "../../../Samples/StarterContent/Content/StarterContent/Materials/M_Brick_Cut_Stone.uasset" to "../../../../../../Users/LAPTOP/Documents/Unreal Projects/Proyecto1PT/Content/StarterContent/Materials/M_Brick_Cut_Stone.uasset"
[2016.09.14-06.42.31:856][  0]LogPackFactory: Copied "../../../Samples/StarterContent/Content/StarterContent/Materials/M_Brick_Hewn_Stone.uasset" to "../../../../../../Users/LAPTOP/Documents/Unreal Projects/Proyecto1PT/Content/StarterContent/Materials/M_Brick_Hewn_Stone.uasset"
[2016.09.14-06.42.31:989][  0]LogPackFactory: Copied "../../../Samples/StarterContent/Content/StarterContent/Materials/M_Ceramic_Tile_Checker.uasset" to "../../../../../../Users/LAPTOP/Documents/Unreal Projects/Proyecto1PT/Content/StarterContent/Materials/M_Ceramic_Tile_Checker.uasset"
[2016.09.14-06.42.32:135][  0]LogPackFactory: Copied "../../../Samples/StarterContent/Content/StarterContent/Materials/M_CobbleStone_Pebble.uasset" to "../../../../../../Users/LAPTOP/Documents/Unreal Projects/Proyecto1PT/Content/StarterContent/Materials/M_CobbleStone_Pebble.uasset"
[2016.09.14-06.42.32:470][  0]LogPackFactory: Copied "../../../Samples/StarterContent/Content/StarterContent/Materials/M_CobbleStone_Rough.uasset" to "../../../../../../Users/LAPTOP/Documents/Unreal Projects/Proyecto1PT/Content/StarterContent/Materials/M_CobbleStone_Rough.uasset"
[2016.09.14-06.42.32:757][  0]LogPackFactory: Copied "../../../Samples/StarterContent/Content/StarterContent/Materials/M_CobbleStone_Smooth.uasset" to "../../../../../../Users/LAPTOP/Documents/Unreal Projects/Proyecto1PT/Content/StarterContent/Materials/M_CobbleStone_Smooth.uasset"
[2016.09.14-06.42.34:011][  0]LogPackFactory: Copied "../../../Samples/StarterContent/Content/StarterContent/Materials/M_ColorGrid_LowSpec.uasset" to "../../../../../../Users/LAPTOP/Documents/Unreal Projects/Proyecto1PT/Content/StarterContent/Materials/M_ColorGrid_LowSpec.uasset"
[2016.09.14-06.42.34:177][  0]LogPackFactory: Copied "../../../Samples/StarterContent/Content/StarterContent/Materials/M_Concrete_Grime.uasset" to "../../../../../../Users/LAPTOP/Documents/Unreal Projects/Proyecto1PT/Content/StarterContent/Materials/M_Concrete_Grime.uasset"
[2016.09.14-06.42.34:466][  0]LogPackFactory: Copied "../../../Samples/StarterContent/Content/StarterContent/Materials/M_Concrete_Panels.uasset" to "../../../../../../Users/LAPTOP/Documents/Unreal Projects/Proyecto1PT/Content/StarterContent/Materials/M_Concrete_Panels.uasset"
[2016.09.14-06.42.34:588][  0]LogPackFactory: Copied "../../../Samples/StarterContent/Content/StarterContent/Materials/M_Concrete_Poured.uasset" to "../../../../../../Users/LAPTOP/Documents/Unreal Projects/Proyecto1PT/Content/StarterContent/Materials/M_Concrete_Poured.uasset"
[2016.09.14-06.42.34:672][  0]LogPackFactory: Copied "../../../Samples/StarterContent/Content/StarterContent/Materials/M_Concrete_Tiles.uasset" to "../../../../../../Users/LAPTOP/Documents/Unreal Projects/Proyecto1PT/Content/StarterContent/Materials/M_Concrete_Tiles.uasset"
[2016.09.14-06.42.34:954][  0]LogPackFactory: Copied "../../../Samples/StarterContent/Content/StarterContent/Materials/M_Glass.uasset" to "../../../../../../Users/LAPTOP/Documents/Unreal Projects/Proyecto1PT/Content/StarterContent/Materials/M_Glass.uasset"
[2016.09.14-06.42.35:523][  0]LogPackFactory: Copied "../../../Samples/StarterContent/Content/StarterContent/Materials/M_Ground_Grass.uasset" to "../../../../../../Users/LAPTOP/Documents/Unreal Projects/Proyecto1PT/Content/StarterContent/Materials/M_Ground_Grass.uasset"
[2016.09.14-06.42.35:591][  0]LogPackFactory: Copied "../../../Samples/StarterContent/Content/StarterContent/Materials/M_Ground_Gravel.uasset" to "../../../../../../Users/LAPTOP/Documents/Unreal Projects/Proyecto1PT/Content/StarterContent/Materials/M_Ground_Gravel.uasset"
[2016.09.14-06.42.35:757][  0]LogPackFactory: Copied "../../../Samples/StarterContent/Content/StarterContent/Materials/M_Ground_Moss.uasset" to "../../../../../../Users/LAPTOP/Documents/Unreal Projects/Proyecto1PT/Content/StarterContent/Materials/M_Ground_Moss.uasset"
[2016.09.14-06.42.35:899][  0]LogPackFactory: Copied "../../../Samples/StarterContent/Content/StarterContent/Materials/M_Metal_Brushed_Nickel.uasset" to "../../../../../../Users/LAPTOP/Documents/Unreal Projects/Proyecto1PT/Content/StarterContent/Materials/M_Metal_Brushed_Nickel.uasset"
[2016.09.14-06.42.35:974][  0]LogPackFactory: Copied "../../../Samples/StarterContent/Content/StarterContent/Materials/M_Metal_Burnished_Steel.uasset" to "../../../../../../Users/LAPTOP/Documents/Unreal Projects/Proyecto1PT/Content/StarterContent/Materials/M_Metal_Burnished_Steel.uasset"
[2016.09.14-06.42.36:087][  0]LogPackFactory: Copied "../../../Samples/StarterContent/Content/StarterContent/Materials/M_Metal_Chrome.uasset" to "../../../../../../Users/LAPTOP/Documents/Unreal Projects/Proyecto1PT/Content/StarterContent/Materials/M_Metal_Chrome.uasset"
[2016.09.14-06.42.36:324][  0]LogPackFactory: Copied "../../../Samples/StarterContent/Content/StarterContent/Materials/M_Metal_Copper.uasset" to "../../../../../../Users/LAPTOP/Documents/Unreal Projects/Proyecto1PT/Content/StarterContent/Materials/M_Metal_Copper.uasset"
[2016.09.14-06.42.36:574][  0]LogPackFactory: Copied "../../../Samples/StarterContent/Content/StarterContent/Materials/M_Metal_Gold.uasset" to "../../../../../../Users/LAPTOP/Documents/Unreal Projects/Proyecto1PT/Content/StarterContent/Materials/M_Metal_Gold.uasset"
[2016.09.14-06.42.36:688][  0]LogPackFactory: Copied "../../../Samples/StarterContent/Content/StarterContent/Materials/M_Metal_Rust.uasset" to "../../../../../../Users/LAPTOP/Documents/Unreal Projects/Proyecto1PT/Content/StarterContent/Materials/M_Metal_Rust.uasset"
[2016.09.14-06.42.36:841][  0]LogPackFactory: Copied "../../../Samples/StarterContent/Content/StarterContent/Materials/M_Metal_Steel.uasset" to "../../../../../../Users/LAPTOP/Documents/Unreal Projects/Proyecto1PT/Content/StarterContent/Materials/M_Metal_Steel.uasset"
[2016.09.14-06.42.36:967][  0]LogPackFactory: Copied "../../../Samples/StarterContent/Content/StarterContent/Materials/M_Rock_Basalt.uasset" to "../../../../../../Users/LAPTOP/Documents/Unreal Projects/Proyecto1PT/Content/StarterContent/Materials/M_Rock_Basalt.uasset"
[2016.09.14-06.42.37:127][  0]LogPackFactory: Copied "../../../Samples/StarterContent/Content/StarterContent/Materials/M_Rock_Marble_Polished.uasset" to "../../../../../../Users/LAPTOP/Documents/Unreal Projects/Proyecto1PT/Content/StarterContent/Materials/M_Rock_Marble_Polished.uasset"
[2016.09.14-06.42.37:174][  0]LogPackFactory: Copied "../../../Samples/StarterContent/Content/StarterContent/Materials/M_Rock_Sandstone.uasset" to "../../../../../../Users/LAPTOP/Documents/Unreal Projects/Proyecto1PT/Content/StarterContent/Materials/M_Rock_Sandstone.uasset"
[2016.09.14-06.42.37:257][  0]LogPackFactory: Copied "../../../Samples/StarterContent/Content/StarterContent/Materials/M_Rock_Slate.uasset" to "../../../../../../Users/LAPTOP/Documents/Unreal Projects/Proyecto1PT/Content/StarterContent/Materials/M_Rock_Slate.uasset"
[2016.09.14-06.42.37:556][  0]LogPackFactory: Copied "../../../Samples/StarterContent/Content/StarterContent/Materials/M_Tech_Checker_Dot.uasset" to "../../../../../../Users/LAPTOP/Documents/Unreal Projects/Proyecto1PT/Content/StarterContent/Materials/M_Tech_Checker_Dot.uasset"
[2016.09.14-06.42.37:608][  0]LogPackFactory: Copied "../../../Samples/StarterContent/Content/StarterContent/Materials/M_Tech_Hex_Tile.uasset" to "../../../../../../Users/LAPTOP/Documents/Unreal Projects/Proyecto1PT/Content/StarterContent/Materials/M_Tech_Hex_Tile.uasset"
[2016.09.14-06.42.37:691][  0]LogPackFactory: Copied "../../../Samples/StarterContent/Content/StarterContent/Materials/M_Tech_Hex_Tile_Pulse.uasset" to "../../../../../../Users/LAPTOP/Documents/Unreal Projects/Proyecto1PT/Content/StarterContent/Materials/M_Tech_Hex_Tile_Pulse.uasset"
[2016.09.14-06.42.37:788][  0]LogPackFactory: Copied "../../../Samples/StarterContent/Content/StarterContent/Materials/M_Tech_Panel.uasset" to "../../../../../../Users/LAPTOP/Documents/Unreal Projects/Proyecto1PT/Content/StarterContent/Materials/M_Tech_Panel.uasset"
[2016.09.14-06.42.37:895][  0]LogPackFactory: Copied "../../../Samples/StarterContent/Content/StarterContent/Materials/M_Water_Lake.uasset" to "../../../../../../Users/LAPTOP/Documents/Unreal Projects/Proyecto1PT/Content/StarterContent/Materials/M_Water_Lake.uasset"
[2016.09.14-06.42.38:134][  0]LogPackFactory: Copied "../../../Samples/StarterContent/Content/StarterContent/Materials/M_Water_Ocean.uasset" to "../../../../../../Users/LAPTOP/Documents/Unreal Projects/Proyecto1PT/Content/StarterContent/Materials/M_Water_Ocean.uasset"
[2016.09.14-06.42.38:306][  0]LogPackFactory: Copied "../../../Samples/StarterContent/Content/StarterContent/Materials/M_Wood_Floor_Walnut_Polished.uasset" to "../../../../../../Users/LAPTOP/Documents/Unreal Projects/Proyecto1PT/Content/StarterContent/Materials/M_Wood_Floor_Walnut_Polished.uasset"
[2016.09.14-06.42.38:420][  0]LogPackFactory: Copied "../../../Samples/StarterContent/Content/StarterContent/Materials/M_Wood_Floor_Walnut_Worn.uasset" to "../../../../../../Users/LAPTOP/Documents/Unreal Projects/Proyecto1PT/Content/StarterContent/Materials/M_Wood_Floor_Walnut_Worn.uasset"
[2016.09.14-06.42.38:450][  0]LogPackFactory: Copied "../../../Samples/StarterContent/Content/StarterContent/Materials/M_Wood_Oak.uasset" to "../../../../../../Users/LAPTOP/Documents/Unreal Projects/Proyecto1PT/Content/StarterContent/Materials/M_Wood_Oak.uasset"
[2016.09.14-06.42.38:629][  0]LogPackFactory: Copied "../../../Samples/StarterContent/Content/StarterContent/Materials/M_Wood_Pine.uasset" to "../../../../../../Users/LAPTOP/Documents/Unreal Projects/Proyecto1PT/Content/StarterContent/Materials/M_Wood_Pine.uasset"
[2016.09.14-06.42.38:687][  0]LogPackFactory: Copied "../../../Samples/StarterContent/Content/StarterContent/Materials/M_Wood_Walnut.uasset" to "../../../../../../Users/LAPTOP/Documents/Unreal Projects/Proyecto1PT/Content/StarterContent/Materials/M_Wood_Walnut.uasset"
[2016.09.14-06.42.39:225][  0]LogPackFactory: Copied "../../../Samples/StarterContent/Content/StarterContent/Particles/P_Ambient_Dust.uasset" to "../../../../../../Users/LAPTOP/Documents/Unreal Projects/Proyecto1PT/Content/StarterContent/Particles/P_Ambient_Dust.uasset"
[2016.09.14-06.42.39:407][  0]LogPackFactory: Copied "../../../Samples/StarterContent/Content/StarterContent/Particles/P_Explosion.uasset" to "../../../../../../Users/LAPTOP/Documents/Unreal Projects/Proyecto1PT/Content/StarterContent/Particles/P_Explosion.uasset"
[2016.09.14-06.42.39:476][  0]LogPackFactory: Copied "../../../Samples/StarterContent/Content/StarterContent/Particles/P_Fire.uasset" to "../../../../../../Users/LAPTOP/Documents/Unreal Projects/Proyecto1PT/Content/StarterContent/Particles/P_Fire.uasset"
[2016.09.14-06.42.39:607][  0]LogPackFactory: Copied "../../../Samples/StarterContent/Content/StarterContent/Particles/P_Smoke.uasset" to "../../../../../../Users/LAPTOP/Documents/Unreal Projects/Proyecto1PT/Content/StarterContent/Particles/P_Smoke.uasset"
[2016.09.14-06.42.39:707][  0]LogPackFactory: Copied "../../../Samples/StarterContent/Content/StarterContent/Particles/P_Sparks.uasset" to "../../../../../../Users/LAPTOP/Documents/Unreal Projects/Proyecto1PT/Content/StarterContent/Particles/P_Sparks.uasset"
[2016.09.14-06.42.39:940][  0]LogPackFactory: Copied "../../../Samples/StarterContent/Content/StarterContent/Particles/P_Steam_Lit.uasset" to "../../../../../../Users/LAPTOP/Documents/Unreal Projects/Proyecto1PT/Content/StarterContent/Particles/P_Steam_Lit.uasset"
[2016.09.14-06.42.40:084][  0]LogPackFactory: Copied "../../../Samples/StarterContent/Content/StarterContent/Particles/Materials/M_Burst.uasset" to "../../../../../../Users/LAPTOP/Documents/Unreal Projects/Proyecto1PT/Content/StarterContent/Particles/Materials/M_Burst.uasset"
[2016.09.14-06.42.40:163][  0]LogPackFactory: Copied "../../../Samples/StarterContent/Content/StarterContent/Particles/Materials/M_Dust_Particle.uasset" to "../../../../../../Users/LAPTOP/Documents/Unreal Projects/Proyecto1PT/Content/StarterContent/Particles/Materials/M_Dust_Particle.uasset"
[2016.09.14-06.42.40:363][  0]LogPackFactory: Copied "../../../Samples/StarterContent/Content/StarterContent/Particles/Materials/M_explosion_subUV.uasset" to "../../../../../../Users/LAPTOP/Documents/Unreal Projects/Proyecto1PT/Content/StarterContent/Particles/Materials/M_explosion_subUV.uasset"
[2016.09.14-06.42.40:433][  0]LogPackFactory: Copied "../../../Samples/StarterContent/Content/StarterContent/Particles/Materials/M_Fire_SubUV.uasset" to "../../../../../../Users/LAPTOP/Documents/Unreal Projects/Proyecto1PT/Content/StarterContent/Particles/Materials/M_Fire_SubUV.uasset"
[2016.09.14-06.42.40:867][  0]LogPackFactory: Copied "../../../Samples/StarterContent/Content/StarterContent/Particles/Materials/m_flare_01.uasset" to "../../../../../../Users/LAPTOP/Documents/Unreal Projects/Proyecto1PT/Content/StarterContent/Particles/Materials/m_flare_01.uasset"
[2016.09.14-06.42.40:993][  0]LogPackFactory: Copied "../../../Samples/StarterContent/Content/StarterContent/Particles/Materials/M_Heat_Distortion.uasset" to "../../../../../../Users/LAPTOP/Documents/Unreal Projects/Proyecto1PT/Content/StarterContent/Particles/Materials/M_Heat_Distortion.uasset"
[2016.09.14-06.42.41:117][  0]LogPackFactory: Copied "../../../Samples/StarterContent/Content/StarterContent/Particles/Materials/M_Radial_Gradient.uasset" to "../../../../../../Users/LAPTOP/Documents/Unreal Projects/Proyecto1PT/Content/StarterContent/Particles/Materials/M_Radial_Gradient.uasset"
[2016.09.14-06.42.41:184][  0]LogPackFactory: Copied "../../../Samples/StarterContent/Content/StarterContent/Particles/Materials/M_radial_ramp.uasset" to "../../../../../../Users/LAPTOP/Documents/Unreal Projects/Proyecto1PT/Content/StarterContent/Particles/Materials/M_radial_ramp.uasset"
[2016.09.14-06.42.41:286][  0]LogPackFactory: Copied "../../../Samples/StarterContent/Content/StarterContent/Particles/Materials/M_smoke_subUV.uasset" to "../../../../../../Users/LAPTOP/Documents/Unreal Projects/Proyecto1PT/Content/StarterContent/Particles/Materials/M_smoke_subUV.uasset"
[2016.09.14-06.42.41:430][  0]LogPackFactory: Copied "../../../Samples/StarterContent/Content/StarterContent/Particles/Materials/M_Spark.uasset" to "../../../../../../Users/LAPTOP/Documents/Unreal Projects/Proyecto1PT/Content/StarterContent/Particles/Materials/M_Spark.uasset"
[2016.09.14-06.42.41:494][  0]LogPackFactory: Copied "../../../Samples/StarterContent/Content/StarterContent/Props/MaterialSphere.uasset" to "../../../../../../Users/LAPTOP/Documents/Unreal Projects/Proyecto1PT/Content/StarterContent/Props/MaterialSphere.uasset"
[2016.09.14-06.42.41:577][  0]LogPackFactory: Copied "../../../Samples/StarterContent/Content/StarterContent/Props/SM_Bush.uasset" to "../../../../../../Users/LAPTOP/Documents/Unreal Projects/Proyecto1PT/Content/StarterContent/Props/SM_Bush.uasset"
[2016.09.14-06.42.42:557][  0]LogPackFactory: Copied "../../../Samples/StarterContent/Content/StarterContent/Props/SM_Chair.uasset" to "../../../../../../Users/LAPTOP/Documents/Unreal Projects/Proyecto1PT/Content/StarterContent/Props/SM_Chair.uasset"
[2016.09.14-06.42.42:591][  0]LogPackFactory: Copied "../../../Samples/StarterContent/Content/StarterContent/Props/SM_CornerFrame.uasset" to "../../../../../../Users/LAPTOP/Documents/Unreal Projects/Proyecto1PT/Content/StarterContent/Props/SM_CornerFrame.uasset"
[2016.09.14-06.42.42:732][  0]LogPackFactory: Copied "../../../Samples/StarterContent/Content/StarterContent/Props/SM_Couch.uasset" to "../../../../../../Users/LAPTOP/Documents/Unreal Projects/Proyecto1PT/Content/StarterContent/Props/SM_Couch.uasset"
[2016.09.14-06.42.42:798][  0]LogPackFactory: Copied "../../../Samples/StarterContent/Content/StarterContent/Props/SM_Door.uasset" to "../../../../../../Users/LAPTOP/Documents/Unreal Projects/Proyecto1PT/Content/StarterContent/Props/SM_Door.uasset"
[2016.09.14-06.42.42:854][  0]LogPackFactory: Copied "../../../Samples/StarterContent/Content/StarterContent/Props/SM_DoorFrame.uasset" to "../../../../../../Users/LAPTOP/Documents/Unreal Projects/Proyecto1PT/Content/StarterContent/Props/SM_DoorFrame.uasset"
[2016.09.14-06.42.42:922][  0]LogPackFactory: Copied "../../../Samples/StarterContent/Content/StarterContent/Props/SM_GlassWindow.uasset" to "../../../../../../Users/LAPTOP/Documents/Unreal Projects/Proyecto1PT/Content/StarterContent/Props/SM_GlassWindow.uasset"
[2016.09.14-06.42.43:134][  0]LogPackFactory: Copied "../../../Samples/StarterContent/Content/StarterContent/Props/SM_Lamp_Ceiling.uasset" to "../../../../../../Users/LAPTOP/Documents/Unreal Projects/Proyecto1PT/Content/StarterContent/Props/SM_Lamp_Ceiling.uasset"
[2016.09.14-06.42.43:475][  0]LogPackFactory: Copied "../../../Samples/StarterContent/Content/StarterContent/Props/SM_Lamp_Wall.uasset" to "../../../../../../Users/LAPTOP/Documents/Unreal Projects/Proyecto1PT/Content/StarterContent/Props/SM_Lamp_Wall.uasset"
[2016.09.14-06.42.43:595][  0]LogPackFactory: Copied "../../../Samples/StarterContent/Content/StarterContent/Props/SM_MatPreviewMesh_02.uasset" to "../../../../../../Users/LAPTOP/Documents/Unreal Projects/Proyecto1PT/Content/StarterContent/Props/SM_MatPreviewMesh_02.uasset"
[2016.09.14-06.42.43:777][  0]LogPackFactory: Copied "../../../Samples/StarterContent/Content/StarterContent/Props/SM_PillarFrame.uasset" to "../../../../../../Users/LAPTOP/Documents/Unreal Projects/Proyecto1PT/Content/StarterContent/Props/SM_PillarFrame.uasset"
[2016.09.14-06.42.43:833][  0]LogPackFactory: Copied "../../../Samples/StarterContent/Content/StarterContent/Props/SM_PillarFrame300.uasset" to "../../../../../../Users/LAPTOP/Documents/Unreal Projects/Proyecto1PT/Content/StarterContent/Props/SM_PillarFrame300.uasset"
[2016.09.14-06.42.43:892][  0]LogPackFactory: Copied "../../../Samples/StarterContent/Content/StarterContent/Props/SM_Rock.uasset" to "../../../../../../Users/LAPTOP/Documents/Unreal Projects/Proyecto1PT/Content/StarterContent/Props/SM_Rock.uasset"
[2016.09.14-06.42.43:949][  0]LogPackFactory: Copied "../../../Samples/StarterContent/Content/StarterContent/Props/SM_Shelf.uasset" to "../../../../../../Users/LAPTOP/Documents/Unreal Projects/Proyecto1PT/Content/StarterContent/Props/SM_Shelf.uasset"
[2016.09.14-06.42.43:998][  0]LogPackFactory: Copied "../../../Samples/StarterContent/Content/StarterContent/Props/SM_Stairs.uasset" to "../../../../../../Users/LAPTOP/Documents/Unreal Projects/Proyecto1PT/Content/StarterContent/Props/SM_Stairs.uasset"
[2016.09.14-06.42.44:038][  0]LogPackFactory: Copied "../../../Samples/StarterContent/Content/StarterContent/Props/SM_Statue.uasset" to "../../../../../../Users/LAPTOP/Documents/Unreal Projects/Proyecto1PT/Content/StarterContent/Props/SM_Statue.uasset"
[2016.09.14-06.42.44:177][  0]LogPackFactory: Copied "../../../Samples/StarterContent/Content/StarterContent/Props/SM_TableRound.uasset" to "../../../../../../Users/LAPTOP/Documents/Unreal Projects/Proyecto1PT/Content/StarterContent/Props/SM_TableRound.uasset"
[2016.09.14-06.42.44:222][  0]LogPackFactory: Copied "../../../Samples/StarterContent/Content/StarterContent/Props/SM_WindowFrame.uasset" to "../../../../../../Users/LAPTOP/Documents/Unreal Projects/Proyecto1PT/Content/StarterContent/Props/SM_WindowFrame.uasset"
[2016.09.14-06.42.44:277][  0]LogPackFactory: Copied "../../../Samples/StarterContent/Content/StarterContent/Props/Materials/M_Bush.uasset" to "../../../../../../Users/LAPTOP/Documents/Unreal Projects/Proyecto1PT/Content/StarterContent/Props/Materials/M_Bush.uasset"
[2016.09.14-06.42.44:443][  0]LogPackFactory: Copied "../../../Samples/StarterContent/Content/StarterContent/Props/Materials/M_Chair.uasset" to "../../../../../../Users/LAPTOP/Documents/Unreal Projects/Proyecto1PT/Content/StarterContent/Props/Materials/M_Chair.uasset"
[2016.09.14-06.42.44:582][  0]LogPackFactory: Copied "../../../Samples/StarterContent/Content/StarterContent/Props/Materials/M_Door.uasset" to "../../../../../../Users/LAPTOP/Documents/Unreal Projects/Proyecto1PT/Content/StarterContent/Props/Materials/M_Door.uasset"
[2016.09.14-06.42.44:687][  0]LogPackFactory: Copied "../../../Samples/StarterContent/Content/StarterContent/Props/Materials/M_Frame.uasset" to "../../../../../../Users/LAPTOP/Documents/Unreal Projects/Proyecto1PT/Content/StarterContent/Props/Materials/M_Frame.uasset"
[2016.09.14-06.42.44:757][  0]LogPackFactory: Copied "../../../Samples/StarterContent/Content/StarterContent/Props/Materials/M_Lamp.uasset" to "../../../../../../Users/LAPTOP/Documents/Unreal Projects/Proyecto1PT/Content/StarterContent/Props/Materials/M_Lamp.uasset"
[2016.09.14-06.42.44:817][  0]LogPackFactory: Copied "../../../Samples/StarterContent/Content/StarterContent/Props/Materials/M_MaterialSphere.uasset" to "../../../../../../Users/LAPTOP/Documents/Unreal Projects/Proyecto1PT/Content/StarterContent/Props/Materials/M_MaterialSphere.uasset"
[2016.09.14-06.42.44:892][  0]LogPackFactory: Copied "../../../Samples/StarterContent/Content/StarterContent/Props/Materials/M_MaterialSphere_Plain.uasset" to "../../../../../../Users/LAPTOP/Documents/Unreal Projects/Proyecto1PT/Content/StarterContent/Props/Materials/M_MaterialSphere_Plain.uasset"
[2016.09.14-06.42.44:936][  0]LogPackFactory: Copied "../../../Samples/StarterContent/Content/StarterContent/Props/Materials/M_Rock.uasset" to "../../../../../../Users/LAPTOP/Documents/Unreal Projects/Proyecto1PT/Content/StarterContent/Props/Materials/M_Rock.uasset"
[2016.09.14-06.42.44:979][  0]LogPackFactory: Copied "../../../Samples/StarterContent/Content/StarterContent/Props/Materials/M_Shelf.uasset" to "../../../../../../Users/LAPTOP/Documents/Unreal Projects/Proyecto1PT/Content/StarterContent/Props/Materials/M_Shelf.uasset"
[2016.09.14-06.42.45:056][  0]LogPackFactory: Copied "../../../Samples/StarterContent/Content/StarterContent/Props/Materials/M_Statue.uasset" to "../../../../../../Users/LAPTOP/Documents/Unreal Projects/Proyecto1PT/Content/StarterContent/Props/Materials/M_Statue.uasset"
[2016.09.14-06.42.45:248][  0]LogPackFactory: Copied "../../../Samples/StarterContent/Content/StarterContent/Props/Materials/M_StatueGlass.uasset" to "../../../../../../Users/LAPTOP/Documents/Unreal Projects/Proyecto1PT/Content/StarterContent/Props/Materials/M_StatueGlass.uasset"
[2016.09.14-06.42.45:293][  0]LogPackFactory: Copied "../../../Samples/StarterContent/Content/StarterContent/Props/Materials/M_TableRound.uasset" to "../../../../../../Users/LAPTOP/Documents/Unreal Projects/Proyecto1PT/Content/StarterContent/Props/Materials/M_TableRound.uasset"
[2016.09.14-06.42.45:349][  0]LogPackFactory: Copied "../../../Samples/StarterContent/Content/StarterContent/Shapes/Shape_Cone.uasset" to "../../../../../../Users/LAPTOP/Documents/Unreal Projects/Proyecto1PT/Content/StarterContent/Shapes/Shape_Cone.uasset"
[2016.09.14-06.42.45:425][  0]LogPackFactory: Copied "../../../Samples/StarterContent/Content/StarterContent/Shapes/Shape_Cube.uasset" to "../../../../../../Users/LAPTOP/Documents/Unreal Projects/Proyecto1PT/Content/StarterContent/Shapes/Shape_Cube.uasset"
[2016.09.14-06.42.45:458][  0]LogPackFactory: Copied "../../../Samples/StarterContent/Content/StarterContent/Shapes/Shape_Cylinder.uasset" to "../../../../../../Users/LAPTOP/Documents/Unreal Projects/Proyecto1PT/Content/StarterContent/Shapes/Shape_Cylinder.uasset"
[2016.09.14-06.42.45:501][  0]LogPackFactory: Copied "../../../Samples/StarterContent/Content/StarterContent/Shapes/Shape_NarrowCapsule.uasset" to "../../../../../../Users/LAPTOP/Documents/Unreal Projects/Proyecto1PT/Content/StarterContent/Shapes/Shape_NarrowCapsule.uasset"
[2016.09.14-06.42.45:552][  0]LogPackFactory: Copied "../../../Samples/StarterContent/Content/StarterContent/Shapes/Shape_Pipe.uasset" to "../../../../../../Users/LAPTOP/Documents/Unreal Projects/Proyecto1PT/Content/StarterContent/Shapes/Shape_Pipe.uasset"
[2016.09.14-06.42.45:922][  0]LogPackFactory: Copied "../../../Samples/StarterContent/Content/StarterContent/Shapes/Shape_Pipe_180.uasset" to "../../../../../../Users/LAPTOP/Documents/Unreal Projects/Proyecto1PT/Content/StarterContent/Shapes/Shape_Pipe_180.uasset"
[2016.09.14-06.42.46:419][  0]LogPackFactory: Copied "../../../Samples/StarterContent/Content/StarterContent/Shapes/Shape_Pipe_90.uasset" to "../../../../../../Users/LAPTOP/Documents/Unreal Projects/Proyecto1PT/Content/StarterContent/Shapes/Shape_Pipe_90.uasset"
[2016.09.14-06.42.46:490][  0]LogPackFactory: Copied "../../../Samples/StarterContent/Content/StarterContent/Shapes/Shape_Plane.uasset" to "../../../../../../Users/LAPTOP/Documents/Unreal Projects/Proyecto1PT/Content/StarterContent/Shapes/Shape_Plane.uasset"
[2016.09.14-06.42.46:588][  0]LogPackFactory: Copied "../../../Samples/StarterContent/Content/StarterContent/Shapes/Shape_QuadPyramid.uasset" to "../../../../../../Users/LAPTOP/Documents/Unreal Projects/Proyecto1PT/Content/StarterContent/Shapes/Shape_QuadPyramid.uasset"
[2016.09.14-06.42.46:664][  0]LogPackFactory: Copied "../../../Samples/StarterContent/Content/StarterContent/Shapes/Shape_Sphere.uasset" to "../../../../../../Users/LAPTOP/Documents/Unreal Projects/Proyecto1PT/Content/StarterContent/Shapes/Shape_Sphere.uasset"
[2016.09.14-06.42.46:717][  0]LogPackFactory: Copied "../../../Samples/StarterContent/Content/StarterContent/Shapes/Shape_Torus.uasset" to "../../../../../../Users/LAPTOP/Documents/Unreal Projects/Proyecto1PT/Content/StarterContent/Shapes/Shape_Torus.uasset"
[2016.09.14-06.42.46:752][  0]LogPackFactory: Copied "../../../Samples/StarterContent/Content/StarterContent/Shapes/Shape_Trim.uasset" to "../../../../../../Users/LAPTOP/Documents/Unreal Projects/Proyecto1PT/Content/StarterContent/Shapes/Shape_Trim.uasset"
[2016.09.14-06.42.46:797][  0]LogPackFactory: Copied "../../../Samples/StarterContent/Content/StarterContent/Shapes/Shape_Trim_90_In.uasset" to "../../../../../../Users/LAPTOP/Documents/Unreal Projects/Proyecto1PT/Content/StarterContent/Shapes/Shape_Trim_90_In.uasset"
[2016.09.14-06.42.46:837][  0]LogPackFactory: Copied "../../../Samples/StarterContent/Content/StarterContent/Shapes/Shape_Trim_90_Out.uasset" to "../../../../../../Users/LAPTOP/Documents/Unreal Projects/Proyecto1PT/Content/StarterContent/Shapes/Shape_Trim_90_Out.uasset"
[2016.09.14-06.42.46:875][  0]LogPackFactory: Copied "../../../Samples/StarterContent/Content/StarterContent/Shapes/Shape_TriPyramid.uasset" to "../../../../../../Users/LAPTOP/Documents/Unreal Projects/Proyecto1PT/Content/StarterContent/Shapes/Shape_TriPyramid.uasset"
[2016.09.14-06.42.46:929][  0]LogPackFactory: Copied "../../../Samples/StarterContent/Content/StarterContent/Shapes/Shape_Tube.uasset" to "../../../../../../Users/LAPTOP/Documents/Unreal Projects/Proyecto1PT/Content/StarterContent/Shapes/Shape_Tube.uasset"
[2016.09.14-06.42.47:093][  0]LogPackFactory: Copied "../../../Samples/StarterContent/Content/StarterContent/Shapes/Shape_Wedge_A.uasset" to "../../../../../../Users/LAPTOP/Documents/Unreal Projects/Proyecto1PT/Content/StarterContent/Shapes/Shape_Wedge_A.uasset"
[2016.09.14-06.42.47:281][  0]LogPackFactory: Copied "../../../Samples/StarterContent/Content/StarterContent/Shapes/Shape_Wedge_B.uasset" to "../../../../../../Users/LAPTOP/Documents/Unreal Projects/Proyecto1PT/Content/StarterContent/Shapes/Shape_Wedge_B.uasset"
[2016.09.14-06.42.47:434][  0]LogPackFactory: Copied "../../../Samples/StarterContent/Content/StarterContent/Shapes/Shape_WideCapsule.uasset" to "../../../../../../Users/LAPTOP/Documents/Unreal Projects/Proyecto1PT/Content/StarterContent/Shapes/Shape_WideCapsule.uasset"
[2016.09.14-06.42.47:686][  0]LogPackFactory: Copied "../../../Samples/StarterContent/Content/StarterContent/Textures/T_Brick_Clay_Beveled_D.uasset" to "../../../../../../Users/LAPTOP/Documents/Unreal Projects/Proyecto1PT/Content/StarterContent/Textures/T_Brick_Clay_Beveled_D.uasset"
[2016.09.14-06.42.47:886][  0]LogPackFactory: Copied "../../../Samples/StarterContent/Content/StarterContent/Textures/T_Brick_Clay_Beveled_M.uasset" to "../../../../../../Users/LAPTOP/Documents/Unreal Projects/Proyecto1PT/Content/StarterContent/Textures/T_Brick_Clay_Beveled_M.uasset"
[2016.09.14-06.42.48:069][  0]LogPackFactory: Copied "../../../Samples/StarterContent/Content/StarterContent/Textures/T_Brick_Clay_Beveled_N.uasset" to "../../../../../../Users/LAPTOP/Documents/Unreal Projects/Proyecto1PT/Content/StarterContent/Textures/T_Brick_Clay_Beveled_N.uasset"
[2016.09.14-06.42.48:184][  0]LogPackFactory: Copied "../../../Samples/StarterContent/Content/StarterContent/Textures/T_Brick_Clay_New_D.uasset" to "../../../../../../Users/LAPTOP/Documents/Unreal Projects/Proyecto1PT/Content/StarterContent/Textures/T_Brick_Clay_New_D.uasset"
[2016.09.14-06.42.48:345][  0]LogPackFactory: Copied "../../../Samples/StarterContent/Content/StarterContent/Textures/T_Brick_Clay_New_M.uasset" to "../../../../../../Users/LAPTOP/Documents/Unreal Projects/Proyecto1PT/Content/StarterContent/Textures/T_Brick_Clay_New_M.uasset"
[2016.09.14-06.42.48:542][  0]LogPackFactory: Copied "../../../Samples/StarterContent/Content/StarterContent/Textures/T_Brick_Clay_New_N.uasset" to "../../../../../../Users/LAPTOP/Documents/Unreal Projects/Proyecto1PT/Content/StarterContent/Textures/T_Brick_Clay_New_N.uasset"
[2016.09.14-06.42.49:154][  0]LogPackFactory: Copied "../../../Samples/StarterContent/Content/StarterContent/Textures/T_Brick_Clay_Old_D.uasset" to "../../../../../../Users/LAPTOP/Documents/Unreal Projects/Proyecto1PT/Content/StarterContent/Textures/T_Brick_Clay_Old_D.uasset"
[2016.09.14-06.42.49:750][  0]LogPackFactory: Copied "../../../Samples/StarterContent/Content/StarterContent/Textures/T_Brick_Clay_Old_N.uasset" to "../../../../../../Users/LAPTOP/Documents/Unreal Projects/Proyecto1PT/Content/StarterContent/Textures/T_Brick_Clay_Old_N.uasset"
[2016.09.14-06.42.50:533][  0]LogPackFactory: Copied "../../../Samples/StarterContent/Content/StarterContent/Textures/T_Brick_Cut_Stone_D.uasset" to "../../../../../../Users/LAPTOP/Documents/Unreal Projects/Proyecto1PT/Content/StarterContent/Textures/T_Brick_Cut_Stone_D.uasset"
[2016.09.14-06.42.50:848][  0]LogPackFactory: Copied "../../../Samples/StarterContent/Content/StarterContent/Textures/T_Brick_Cut_Stone_N.uasset" to "../../../../../../Users/LAPTOP/Documents/Unreal Projects/Proyecto1PT/Content/StarterContent/Textures/T_Brick_Cut_Stone_N.uasset"
[2016.09.14-06.42.51:040][  0]LogPackFactory: Copied "../../../Samples/StarterContent/Content/StarterContent/Textures/T_Brick_Hewn_Stone_D.uasset" to "../../../../../../Users/LAPTOP/Documents/Unreal Projects/Proyecto1PT/Content/StarterContent/Textures/T_Brick_Hewn_Stone_D.uasset"
[2016.09.14-06.42.51:368][  0]LogPackFactory: Copied "../../../Samples/StarterContent/Content/StarterContent/Textures/T_Brick_Hewn_Stone_M.uasset" to "../../../../../../Users/LAPTOP/Documents/Unreal Projects/Proyecto1PT/Content/StarterContent/Textures/T_Brick_Hewn_Stone_M.uasset"
[2016.09.14-06.42.51:969][  0]LogPackFactory: Copied "../../../Samples/StarterContent/Content/StarterContent/Textures/T_Brick_Hewn_Stone_N.uasset" to "../../../../../../Users/LAPTOP/Documents/Unreal Projects/Proyecto1PT/Content/StarterContent/Textures/T_Brick_Hewn_Stone_N.uasset"
[2016.09.14-06.42.52:265][  0]LogPackFactory: Copied "../../../Samples/StarterContent/Content/StarterContent/Textures/T_Burst_M.uasset" to "../../../../../../Users/LAPTOP/Documents/Unreal Projects/Proyecto1PT/Content/StarterContent/Textures/T_Burst_M.uasset"
[2016.09.14-06.42.52:803][  0]LogPackFactory: Copied "../../../Samples/StarterContent/Content/StarterContent/Textures/T_Bush_D.uasset" to "../../../../../../Users/LAPTOP/Documents/Unreal Projects/Proyecto1PT/Content/StarterContent/Textures/T_Bush_D.uasset"
[2016.09.14-06.42.53:021][  0]LogPackFactory: Copied "../../../Samples/StarterContent/Content/StarterContent/Textures/T_Bush_N.uasset" to "../../../../../../Users/LAPTOP/Documents/Unreal Projects/Proyecto1PT/Content/StarterContent/Textures/T_Bush_N.uasset"
[2016.09.14-06.42.53:203][  0]LogPackFactory: Copied "../../../Samples/StarterContent/Content/StarterContent/Textures/T_Ceramic_Tile_M.uasset" to "../../../../../../Users/LAPTOP/Documents/Unreal Projects/Proyecto1PT/Content/StarterContent/Textures/T_Ceramic_Tile_M.uasset"
[2016.09.14-06.42.53:246][  0]LogPackFactory: Copied "../../../Samples/StarterContent/Content/StarterContent/Textures/T_Ceramic_Tile_N.uasset" to "../../../../../../Users/LAPTOP/Documents/Unreal Projects/Proyecto1PT/Content/StarterContent/Textures/T_Ceramic_Tile_N.uasset"
[2016.09.14-06.42.53:332][  0]LogPackFactory: Copied "../../../Samples/StarterContent/Content/StarterContent/Textures/T_Chair_M.uasset" to "../../../../../../Users/LAPTOP/Documents/Unreal Projects/Proyecto1PT/Content/StarterContent/Textures/T_Chair_M.uasset"
[2016.09.14-06.42.53:404][  0]LogPackFactory: Copied "../../../Samples/StarterContent/Content/StarterContent/Textures/T_Chair_N.uasset" to "../../../../../../Users/LAPTOP/Documents/Unreal Projects/Proyecto1PT/Content/StarterContent/Textures/T_Chair_N.uasset"
[2016.09.14-06.42.53:509][  0]LogPackFactory: Copied "../../../Samples/StarterContent/Content/StarterContent/Textures/T_Checker_Noise_M.uasset" to "../../../../../../Users/LAPTOP/Documents/Unreal Projects/Proyecto1PT/Content/StarterContent/Textures/T_Checker_Noise_M.uasset"
[2016.09.14-06.42.53:748][  0]LogPackFactory: Copied "../../../Samples/StarterContent/Content/StarterContent/Textures/T_CobbleStone_Pebble_D.uasset" to "../../../../../../Users/LAPTOP/Documents/Unreal Projects/Proyecto1PT/Content/StarterContent/Textures/T_CobbleStone_Pebble_D.uasset"
[2016.09.14-06.42.53:818][  0]LogPackFactory: Copied "../../../Samples/StarterContent/Content/StarterContent/Textures/T_CobbleStone_Pebble_M.uasset" to "../../../../../../Users/LAPTOP/Documents/Unreal Projects/Proyecto1PT/Content/StarterContent/Textures/T_CobbleStone_Pebble_M.uasset"
[2016.09.14-06.42.54:296][  0]LogPackFactory: Copied "../../../Samples/StarterContent/Content/StarterContent/Textures/T_CobbleStone_Pebble_N.uasset" to "../../../../../../Users/LAPTOP/Documents/Unreal Projects/Proyecto1PT/Content/StarterContent/Textures/T_CobbleStone_Pebble_N.uasset"
[2016.09.14-06.42.54:627][  0]LogPackFactory: Copied "../../../Samples/StarterContent/Content/StarterContent/Textures/T_CobbleStone_Rough_D.uasset" to "../../../../../../Users/LAPTOP/Documents/Unreal Projects/Proyecto1PT/Content/StarterContent/Textures/T_CobbleStone_Rough_D.uasset"
[2016.09.14-06.42.55:171][  0]LogPackFactory: Copied "../../../Samples/StarterContent/Content/StarterContent/Textures/T_CobbleStone_Rough_N.uasset" to "../../../../../../Users/LAPTOP/Documents/Unreal Projects/Proyecto1PT/Content/StarterContent/Textures/T_CobbleStone_Rough_N.uasset"
[2016.09.14-06.42.55:644][  0]LogPackFactory: Copied "../../../Samples/StarterContent/Content/StarterContent/Textures/T_CobbleStone_Smooth_D.uasset" to "../../../../../../Users/LAPTOP/Documents/Unreal Projects/Proyecto1PT/Content/StarterContent/Textures/T_CobbleStone_Smooth_D.uasset"
[2016.09.14-06.42.55:778][  0]LogPackFactory: Copied "../../../Samples/StarterContent/Content/StarterContent/Textures/T_CobbleStone_Smooth_M.uasset" to "../../../../../../Users/LAPTOP/Documents/Unreal Projects/Proyecto1PT/Content/StarterContent/Textures/T_CobbleStone_Smooth_M.uasset"
[2016.09.14-06.42.55:985][  0]LogPackFactory: Copied "../../../Samples/StarterContent/Content/StarterContent/Textures/T_CobbleStone_Smooth_N.uasset" to "../../../../../../Users/LAPTOP/Documents/Unreal Projects/Proyecto1PT/Content/StarterContent/Textures/T_CobbleStone_Smooth_N.uasset"
[2016.09.14-06.42.57:506][  0]LogPackFactory: Copied "../../../Samples/StarterContent/Content/StarterContent/Textures/T_Concrete_Grime_D.uasset" to "../../../../../../Users/LAPTOP/Documents/Unreal Projects/Proyecto1PT/Content/StarterContent/Textures/T_Concrete_Grime_D.uasset"
[2016.09.14-06.42.58:301][  0]LogPackFactory: Copied "../../../Samples/StarterContent/Content/StarterContent/Textures/T_Concrete_Panels_D.uasset" to "../../../../../../Users/LAPTOP/Documents/Unreal Projects/Proyecto1PT/Content/StarterContent/Textures/T_Concrete_Panels_D.uasset"
[2016.09.14-06.42.59:551][  0]LogPackFactory: Copied "../../../Samples/StarterContent/Content/StarterContent/Textures/T_Concrete_Panels_N.uasset" to "../../../../../../Users/LAPTOP/Documents/Unreal Projects/Proyecto1PT/Content/StarterContent/Textures/T_Concrete_Panels_N.uasset"
[2016.09.14-06.42.59:890][  0]LogPackFactory: Copied "../../../Samples/StarterContent/Content/StarterContent/Textures/T_Concrete_Poured_D.uasset" to "../../../../../../Users/LAPTOP/Documents/Unreal Projects/Proyecto1PT/Content/StarterContent/Textures/T_Concrete_Poured_D.uasset"
[2016.09.14-06.43.00:408][  0]LogPackFactory: Copied "../../../Samples/StarterContent/Content/StarterContent/Textures/T_Concrete_Poured_N.uasset" to "../../../../../../Users/LAPTOP/Documents/Unreal Projects/Proyecto1PT/Content/StarterContent/Textures/T_Concrete_Poured_N.uasset"
[2016.09.14-06.43.00:512][  0]LogPackFactory: Copied "../../../Samples/StarterContent/Content/StarterContent/Textures/T_Concrete_Tiles_D.uasset" to "../../../../../../Users/LAPTOP/Documents/Unreal Projects/Proyecto1PT/Content/StarterContent/Textures/T_Concrete_Tiles_D.uasset"
[2016.09.14-06.43.03:586][  0]LogPackFactory: Copied "../../../Samples/StarterContent/Content/StarterContent/Textures/T_Concrete_Tiles_M.uasset" to "../../../../../../Users/LAPTOP/Documents/Unreal Projects/Proyecto1PT/Content/StarterContent/Textures/T_Concrete_Tiles_M.uasset"
[2016.09.14-06.43.03:958][  0]LogPackFactory: Copied "../../../Samples/StarterContent/Content/StarterContent/Textures/T_Concrete_Tiles_N.uasset" to "../../../../../../Users/LAPTOP/Documents/Unreal Projects/Proyecto1PT/Content/StarterContent/Textures/T_Concrete_Tiles_N.uasset"
[2016.09.14-06.43.05:674][  0]LogPackFactory: Copied "../../../Samples/StarterContent/Content/StarterContent/Textures/T_Concrete_Tiles_Variation_M.uasset" to "../../../../../../Users/LAPTOP/Documents/Unreal Projects/Proyecto1PT/Content/StarterContent/Textures/T_Concrete_Tiles_Variation_M.uasset"
[2016.09.14-06.43.05:745][  0]LogPackFactory: Copied "../../../Samples/StarterContent/Content/StarterContent/Textures/T_Detail_Rocky_N.uasset" to "../../../../../../Users/LAPTOP/Documents/Unreal Projects/Proyecto1PT/Content/StarterContent/Textures/T_Detail_Rocky_N.uasset"
[2016.09.14-06.43.05:869][  0]LogPackFactory: Copied "../../../Samples/StarterContent/Content/StarterContent/Textures/T_Door_M.uasset" to "../../../../../../Users/LAPTOP/Documents/Unreal Projects/Proyecto1PT/Content/StarterContent/Textures/T_Door_M.uasset"
[2016.09.14-06.43.06:702][  0]LogPackFactory: Copied "../../../Samples/StarterContent/Content/StarterContent/Textures/T_Door_N.uasset" to "../../../../../../Users/LAPTOP/Documents/Unreal Projects/Proyecto1PT/Content/StarterContent/Textures/T_Door_N.uasset"
[2016.09.14-06.43.06:775][  0]LogPackFactory: Copied "../../../Samples/StarterContent/Content/StarterContent/Textures/T_Dust_Particle_D.uasset" to "../../../../../../Users/LAPTOP/Documents/Unreal Projects/Proyecto1PT/Content/StarterContent/Textures/T_Dust_Particle_D.uasset"
[2016.09.14-06.43.06:854][  0]LogPackFactory: Copied "../../../Samples/StarterContent/Content/StarterContent/Textures/T_Explosion_SubUV.uasset" to "../../../../../../Users/LAPTOP/Documents/Unreal Projects/Proyecto1PT/Content/StarterContent/Textures/T_Explosion_SubUV.uasset"
[2016.09.14-06.43.07:069][  0]LogPackFactory: Copied "../../../Samples/StarterContent/Content/StarterContent/Textures/T_Fire_SubUV.uasset" to "../../../../../../Users/LAPTOP/Documents/Unreal Projects/Proyecto1PT/Content/StarterContent/Textures/T_Fire_SubUV.uasset"
[2016.09.14-06.43.07:179][  0]LogPackFactory: Copied "../../../Samples/StarterContent/Content/StarterContent/Textures/T_Fire_Tiled_D.uasset" to "../../../../../../Users/LAPTOP/Documents/Unreal Projects/Proyecto1PT/Content/StarterContent/Textures/T_Fire_Tiled_D.uasset"
[2016.09.14-06.43.07:311][  0]LogPackFactory: Copied "../../../Samples/StarterContent/Content/StarterContent/Textures/T_Frame_M.uasset" to "../../../../../../Users/LAPTOP/Documents/Unreal Projects/Proyecto1PT/Content/StarterContent/Textures/T_Frame_M.uasset"
[2016.09.14-06.43.07:577][  0]LogPackFactory: Copied "../../../Samples/StarterContent/Content/StarterContent/Textures/T_Frame_N.uasset" to "../../../../../../Users/LAPTOP/Documents/Unreal Projects/Proyecto1PT/Content/StarterContent/Textures/T_Frame_N.uasset"
[2016.09.14-06.43.07:705][  0]LogPackFactory: Copied "../../../Samples/StarterContent/Content/StarterContent/Textures/T_Gradinet_01.uasset" to "../../../../../../Users/LAPTOP/Documents/Unreal Projects/Proyecto1PT/Content/StarterContent/Textures/T_Gradinet_01.uasset"
[2016.09.14-06.43.08:023][  0]LogPackFactory: Copied "../../../Samples/StarterContent/Content/StarterContent/Textures/T_Ground_Grass_D.uasset" to "../../../../../../Users/LAPTOP/Documents/Unreal Projects/Proyecto1PT/Content/StarterContent/Textures/T_Ground_Grass_D.uasset"
[2016.09.14-06.43.08:366][  0]LogPackFactory: Copied "../../../Samples/StarterContent/Content/StarterContent/Textures/T_Ground_Grass_N.uasset" to "../../../../../../Users/LAPTOP/Documents/Unreal Projects/Proyecto1PT/Content/StarterContent/Textures/T_Ground_Grass_N.uasset"
[2016.09.14-06.43.12:167][  0]LogPackFactory: Copied "../../../Samples/StarterContent/Content/StarterContent/Textures/T_Ground_Gravel_D.uasset" to "../../../../../../Users/LAPTOP/Documents/Unreal Projects/Proyecto1PT/Content/StarterContent/Textures/T_Ground_Gravel_D.uasset"
[2016.09.14-06.43.12:440][  0]LogPackFactory: Copied "../../../Samples/StarterContent/Content/StarterContent/Textures/T_Ground_Gravel_N.uasset" to "../../../../../../Users/LAPTOP/Documents/Unreal Projects/Proyecto1PT/Content/StarterContent/Textures/T_Ground_Gravel_N.uasset"
[2016.09.14-06.43.12:963][  0]LogPackFactory: Copied "../../../Samples/StarterContent/Content/StarterContent/Textures/T_ground_Moss_D.uasset" to "../../../../../../Users/LAPTOP/Documents/Unreal Projects/Proyecto1PT/Content/StarterContent/Textures/T_ground_Moss_D.uasset"
[2016.09.14-06.43.13:742][  0]LogPackFactory: Copied "../../../Samples/StarterContent/Content/StarterContent/Textures/T_Ground_Moss_N.uasset" to "../../../../../../Users/LAPTOP/Documents/Unreal Projects/Proyecto1PT/Content/StarterContent/Textures/T_Ground_Moss_N.uasset"
[2016.09.14-06.43.13:836][  0]LogPackFactory: Copied "../../../Samples/StarterContent/Content/StarterContent/Textures/T_Lamp_M.uasset" to "../../../../../../Users/LAPTOP/Documents/Unreal Projects/Proyecto1PT/Content/StarterContent/Textures/T_Lamp_M.uasset"
[2016.09.14-06.43.14:116][  0]LogPackFactory: Copied "../../../Samples/StarterContent/Content/StarterContent/Textures/T_Lamp_N.uasset" to "../../../../../../Users/LAPTOP/Documents/Unreal Projects/Proyecto1PT/Content/StarterContent/Textures/T_Lamp_N.uasset"
[2016.09.14-06.43.14:459][  0]LogPackFactory: Copied "../../../Samples/StarterContent/Content/StarterContent/Textures/T_MacroVariation.uasset" to "../../../../../../Users/LAPTOP/Documents/Unreal Projects/Proyecto1PT/Content/StarterContent/Textures/T_MacroVariation.uasset"
[2016.09.14-06.43.15:071][  0]LogPackFactory: Copied "../../../Samples/StarterContent/Content/StarterContent/Textures/T_Metal_Aluminum_D.uasset" to "../../../../../../Users/LAPTOP/Documents/Unreal Projects/Proyecto1PT/Content/StarterContent/Textures/T_Metal_Aluminum_D.uasset"
[2016.09.14-06.43.15:473][  0]LogPackFactory: Copied "../../../Samples/StarterContent/Content/StarterContent/Textures/T_Metal_Copper_D.uasset" to "../../../../../../Users/LAPTOP/Documents/Unreal Projects/Proyecto1PT/Content/StarterContent/Textures/T_Metal_Copper_D.uasset"
[2016.09.14-06.43.16:755][  0]LogPackFactory: Copied "../../../Samples/StarterContent/Content/StarterContent/Textures/T_Metal_Gold_D.uasset" to "../../../../../../Users/LAPTOP/Documents/Unreal Projects/Proyecto1PT/Content/StarterContent/Textures/T_Metal_Gold_D.uasset"
[2016.09.14-06.43.16:992][  0]LogPackFactory: Copied "../../../Samples/StarterContent/Content/StarterContent/Textures/T_Metal_Gold_N.uasset" to "../../../../../../Users/LAPTOP/Documents/Unreal Projects/Proyecto1PT/Content/StarterContent/Textures/T_Metal_Gold_N.uasset"
[2016.09.14-06.43.17:369][  0]LogPackFactory: Copied "../../../Samples/StarterContent/Content/StarterContent/Textures/T_Metal_Rust_D.uasset" to "../../../../../../Users/LAPTOP/Documents/Unreal Projects/Proyecto1PT/Content/StarterContent/Textures/T_Metal_Rust_D.uasset"
[2016.09.14-06.43.18:170][  0]LogPackFactory: Copied "../../../Samples/StarterContent/Content/StarterContent/Textures/T_Metal_Rust_N.uasset" to "../../../../../../Users/LAPTOP/Documents/Unreal Projects/Proyecto1PT/Content/StarterContent/Textures/T_Metal_Rust_N.uasset"
[2016.09.14-06.43.18:854][  0]LogPackFactory: Copied "../../../Samples/StarterContent/Content/StarterContent/Textures/T_Metal_Steel_D.uasset" to "../../../../../../Users/LAPTOP/Documents/Unreal Projects/Proyecto1PT/Content/StarterContent/Textures/T_Metal_Steel_D.uasset"
[2016.09.14-06.43.20:377][  0]LogPackFactory: Copied "../../../Samples/StarterContent/Content/StarterContent/Textures/T_Metal_Steel_N.uasset" to "../../../../../../Users/LAPTOP/Documents/Unreal Projects/Proyecto1PT/Content/StarterContent/Textures/T_Metal_Steel_N.uasset"
[2016.09.14-06.43.21:266][  0]LogPackFactory: Copied "../../../Samples/StarterContent/Content/StarterContent/Textures/T_Perlin_Noise_M.uasset" to "../../../../../../Users/LAPTOP/Documents/Unreal Projects/Proyecto1PT/Content/StarterContent/Textures/T_Perlin_Noise_M.uasset"
[2016.09.14-06.43.22:088][  0]LogPackFactory: Copied "../../../Samples/StarterContent/Content/StarterContent/Textures/T_RockMesh_M.uasset" to "../../../../../../Users/LAPTOP/Documents/Unreal Projects/Proyecto1PT/Content/StarterContent/Textures/T_RockMesh_M.uasset"
[2016.09.14-06.43.23:792][  0]LogPackFactory: Copied "../../../Samples/StarterContent/Content/StarterContent/Textures/T_RockMesh_N.uasset" to "../../../../../../Users/LAPTOP/Documents/Unreal Projects/Proyecto1PT/Content/StarterContent/Textures/T_RockMesh_N.uasset"
[2016.09.14-06.43.24:922][  0]LogPackFactory: Copied "../../../Samples/StarterContent/Content/StarterContent/Textures/T_Rock_Basalt_D.uasset" to "../../../../../../Users/LAPTOP/Documents/Unreal Projects/Proyecto1PT/Content/StarterContent/Textures/T_Rock_Basalt_D.uasset"
[2016.09.14-06.43.25:536][  0]LogPackFactory: Copied "../../../Samples/StarterContent/Content/StarterContent/Textures/T_Rock_Basalt_N.uasset" to "../../../../../../Users/LAPTOP/Documents/Unreal Projects/Proyecto1PT/Content/StarterContent/Textures/T_Rock_Basalt_N.uasset"
[2016.09.14-06.43.25:676][  0]LogPackFactory: Copied "../../../Samples/StarterContent/Content/StarterContent/Textures/T_Rock_Marble_Polished_D.uasset" to "../../../../../../Users/LAPTOP/Documents/Unreal Projects/Proyecto1PT/Content/StarterContent/Textures/T_Rock_Marble_Polished_D.uasset"
[2016.09.14-06.43.27:768][  0]LogPackFactory: Copied "../../../Samples/StarterContent/Content/StarterContent/Textures/T_Rock_Sandstone_D.uasset" to "../../../../../../Users/LAPTOP/Documents/Unreal Projects/Proyecto1PT/Content/StarterContent/Textures/T_Rock_Sandstone_D.uasset"
[2016.09.14-06.43.28:207][  0]LogPackFactory: Copied "../../../Samples/StarterContent/Content/StarterContent/Textures/T_Rock_Sandstone_N.uasset" to "../../../../../../Users/LAPTOP/Documents/Unreal Projects/Proyecto1PT/Content/StarterContent/Textures/T_Rock_Sandstone_N.uasset"
[2016.09.14-06.43.28:485][  0]LogPackFactory: Copied "../../../Samples/StarterContent/Content/StarterContent/Textures/T_Rock_Slate_D.uasset" to "../../../../../../Users/LAPTOP/Documents/Unreal Projects/Proyecto1PT/Content/StarterContent/Textures/T_Rock_Slate_D.uasset"
[2016.09.14-06.43.28:828][  0]LogPackFactory: Copied "../../../Samples/StarterContent/Content/StarterContent/Textures/T_Rock_Slate_N.uasset" to "../../../../../../Users/LAPTOP/Documents/Unreal Projects/Proyecto1PT/Content/StarterContent/Textures/T_Rock_Slate_N.uasset"
[2016.09.14-06.43.29:249][  0]LogPackFactory: Copied "../../../Samples/StarterContent/Content/StarterContent/Textures/T_Rock_Smooth_Granite_D.uasset" to "../../../../../../Users/LAPTOP/Documents/Unreal Projects/Proyecto1PT/Content/StarterContent/Textures/T_Rock_Smooth_Granite_D.uasset"
[2016.09.14-06.43.29:669][  0]LogPackFactory: Copied "../../../Samples/StarterContent/Content/StarterContent/Textures/T_Shelf_M.uasset" to "../../../../../../Users/LAPTOP/Documents/Unreal Projects/Proyecto1PT/Content/StarterContent/Textures/T_Shelf_M.uasset"
[2016.09.14-06.43.30:177][  0]LogPackFactory: Copied "../../../Samples/StarterContent/Content/StarterContent/Textures/T_Shelf_N.uasset" to "../../../../../../Users/LAPTOP/Documents/Unreal Projects/Proyecto1PT/Content/StarterContent/Textures/T_Shelf_N.uasset"
[2016.09.14-06.43.30:319][  0]LogPackFactory: Copied "../../../Samples/StarterContent/Content/StarterContent/Textures/T_Single_Tile_N.uasset" to "../../../../../../Users/LAPTOP/Documents/Unreal Projects/Proyecto1PT/Content/StarterContent/Textures/T_Single_Tile_N.uasset"
[2016.09.14-06.43.30:712][  0]LogPackFactory: Copied "../../../Samples/StarterContent/Content/StarterContent/Textures/T_Smoke_SubUV.uasset" to "../../../../../../Users/LAPTOP/Documents/Unreal Projects/Proyecto1PT/Content/StarterContent/Textures/T_Smoke_SubUV.uasset"
[2016.09.14-06.43.30:914][  0]LogPackFactory: Copied "../../../Samples/StarterContent/Content/StarterContent/Textures/T_Smoke_Tiled_D.uasset" to "../../../../../../Users/LAPTOP/Documents/Unreal Projects/Proyecto1PT/Content/StarterContent/Textures/T_Smoke_Tiled_D.uasset"
[2016.09.14-06.43.30:975][  0]LogPackFactory: Copied "../../../Samples/StarterContent/Content/StarterContent/Textures/T_Spark_Core.uasset" to "../../../../../../Users/LAPTOP/Documents/Unreal Projects/Proyecto1PT/Content/StarterContent/Textures/T_Spark_Core.uasset"
[2016.09.14-06.43.31:078][  0]LogPackFactory: Copied "../../../Samples/StarterContent/Content/StarterContent/Textures/T_Statue_M.uasset" to "../../../../../../Users/LAPTOP/Documents/Unreal Projects/Proyecto1PT/Content/StarterContent/Textures/T_Statue_M.uasset"
[2016.09.14-06.43.31:125][  0]LogPackFactory: Copied "../../../Samples/StarterContent/Content/StarterContent/Textures/T_Statue_N.uasset" to "../../../../../../Users/LAPTOP/Documents/Unreal Projects/Proyecto1PT/Content/StarterContent/Textures/T_Statue_N.uasset"
[2016.09.14-06.43.31:230][  0]LogPackFactory: Copied "../../../Samples/StarterContent/Content/StarterContent/Textures/T_TableRound_M.uasset" to "../../../../../../Users/LAPTOP/Documents/Unreal Projects/Proyecto1PT/Content/StarterContent/Textures/T_TableRound_M.uasset"
[2016.09.14-06.43.31:356][  0]LogPackFactory: Copied "../../../Samples/StarterContent/Content/StarterContent/Textures/T_TableRound_N.uasset" to "../../../../../../Users/LAPTOP/Documents/Unreal Projects/Proyecto1PT/Content/StarterContent/Textures/T_TableRound_N.uasset"
[2016.09.14-06.43.31:572][  0]LogPackFactory: Copied "../../../Samples/StarterContent/Content/StarterContent/Textures/T_Tech_Dot_M.uasset" to "../../../../../../Users/LAPTOP/Documents/Unreal Projects/Proyecto1PT/Content/StarterContent/Textures/T_Tech_Dot_M.uasset"
[2016.09.14-06.43.31:625][  0]LogPackFactory: Copied "../../../Samples/StarterContent/Content/StarterContent/Textures/T_Tech_Dot_N.uasset" to "../../../../../../Users/LAPTOP/Documents/Unreal Projects/Proyecto1PT/Content/StarterContent/Textures/T_Tech_Dot_N.uasset"
[2016.09.14-06.43.31:675][  0]LogPackFactory: Copied "../../../Samples/StarterContent/Content/StarterContent/Textures/T_Tech_Hex_Tile_M.uasset" to "../../../../../../Users/LAPTOP/Documents/Unreal Projects/Proyecto1PT/Content/StarterContent/Textures/T_Tech_Hex_Tile_M.uasset"
[2016.09.14-06.43.31:779][  0]LogPackFactory: Copied "../../../Samples/StarterContent/Content/StarterContent/Textures/T_Tech_Hex_Tile_N.uasset" to "../../../../../../Users/LAPTOP/Documents/Unreal Projects/Proyecto1PT/Content/StarterContent/Textures/T_Tech_Hex_Tile_N.uasset"
[2016.09.14-06.43.32:006][  0]LogPackFactory: Copied "../../../Samples/StarterContent/Content/StarterContent/Textures/T_Tech_Panel_M.uasset" to "../../../../../../Users/LAPTOP/Documents/Unreal Projects/Proyecto1PT/Content/StarterContent/Textures/T_Tech_Panel_M.uasset"
[2016.09.14-06.43.59:283][  0]LogPackFactory: Copied "../../../Samples/StarterContent/Content/StarterContent/Textures/T_Tech_Panel_N.uasset" to "../../../../../../Users/LAPTOP/Documents/Unreal Projects/Proyecto1PT/Content/StarterContent/Textures/T_Tech_Panel_N.uasset"
[2016.09.14-06.43.59:551][  0]LogPackFactory: Copied "../../../Samples/StarterContent/Content/StarterContent/Textures/T_Water_M.uasset" to "../../../../../../Users/LAPTOP/Documents/Unreal Projects/Proyecto1PT/Content/StarterContent/Textures/T_Water_M.uasset"
[2016.09.14-06.43.59:673][  0]LogPackFactory: Copied "../../../Samples/StarterContent/Content/StarterContent/Textures/T_Water_N.uasset" to "../../../../../../Users/LAPTOP/Documents/Unreal Projects/Proyecto1PT/Content/StarterContent/Textures/T_Water_N.uasset"
[2016.09.14-06.44.01:107][  0]LogPackFactory: Copied "../../../Samples/StarterContent/Content/StarterContent/Textures/T_Wood_Floor_Walnut_D.uasset" to "../../../../../../Users/LAPTOP/Documents/Unreal Projects/Proyecto1PT/Content/StarterContent/Textures/T_Wood_Floor_Walnut_D.uasset"
[2016.09.14-06.44.01:360][  0]LogPackFactory: Copied "../../../Samples/StarterContent/Content/StarterContent/Textures/T_Wood_Floor_Walnut_M.uasset" to "../../../../../../Users/LAPTOP/Documents/Unreal Projects/Proyecto1PT/Content/StarterContent/Textures/T_Wood_Floor_Walnut_M.uasset"
[2016.09.14-06.44.01:655][  0]LogPackFactory: Copied "../../../Samples/StarterContent/Content/StarterContent/Textures/T_Wood_Floor_Walnut_N.uasset" to "../../../../../../Users/LAPTOP/Documents/Unreal Projects/Proyecto1PT/Content/StarterContent/Textures/T_Wood_Floor_Walnut_N.uasset"
[2016.09.14-06.44.01:872][  0]LogPackFactory: Copied "../../../Samples/StarterContent/Content/StarterContent/Textures/T_Wood_Oak_D.uasset" to "../../../../../../Users/LAPTOP/Documents/Unreal Projects/Proyecto1PT/Content/StarterContent/Textures/T_Wood_Oak_D.uasset"
[2016.09.14-06.44.02:075][  0]LogPackFactory: Copied "../../../Samples/StarterContent/Content/StarterContent/Textures/T_Wood_Oak_N.uasset" to "../../../../../../Users/LAPTOP/Documents/Unreal Projects/Proyecto1PT/Content/StarterContent/Textures/T_Wood_Oak_N.uasset"
[2016.09.14-06.44.02:430][  0]LogPackFactory: Copied "../../../Samples/StarterContent/Content/StarterContent/Textures/T_Wood_Pine_D.uasset" to "../../../../../../Users/LAPTOP/Documents/Unreal Projects/Proyecto1PT/Content/StarterContent/Textures/T_Wood_Pine_D.uasset"
[2016.09.14-06.44.02:591][  0]LogPackFactory: Copied "../../../Samples/StarterContent/Content/StarterContent/Textures/T_Wood_Pine_N.uasset" to "../../../../../../Users/LAPTOP/Documents/Unreal Projects/Proyecto1PT/Content/StarterContent/Textures/T_Wood_Pine_N.uasset"
[2016.09.14-06.44.02:763][  0]LogPackFactory: Copied "../../../Samples/StarterContent/Content/StarterContent/Textures/T_Wood_Walnut_D.uasset" to "../../../../../../Users/LAPTOP/Documents/Unreal Projects/Proyecto1PT/Content/StarterContent/Textures/T_Wood_Walnut_D.uasset"
[2016.09.14-06.44.03:484][  0]LogPackFactory: Copied "../../../Samples/StarterContent/Content/StarterContent/Textures/T_Wood_Walnut_N.uasset" to "../../../../../../Users/LAPTOP/Documents/Unreal Projects/Proyecto1PT/Content/StarterContent/Textures/T_Wood_Walnut_N.uasset"
[2016.09.14-06.44.12:687][  0]LogRenderer: Reallocating scene render targets to support 256x256 (Frame:2).
[2016.09.14-06.44.14:652][  0]LogSavePackage: Save=289.32ms
[2016.09.14-06.44.14:653][  0]LogSavePackage: Moving '../../../../../../Users/LAPTOP/Documents/Unreal Projects/Proyecto1PT/Saved/Floor_400x4000E3429F148901DF843DB02A77E4835C8.tmp' to '../../../../../../Users/LAPTOP/Documents/Unreal Projects/Proyecto1PT/Content/StarterContent/Architecture/Floor_400x400.uasset'
[2016.09.14-06.44.14:816][  0]LogSavePackage:Display: Finished SavePackage ../../../../../../Users/LAPTOP/Documents/Unreal Projects/Proyecto1PT/Content/StarterContent/Architecture/Floor_400x400.uasset
[2016.09.14-06.44.14:829][  0]LogFeaturePack:Warning: Inserted 1 feature packs
[2016.09.14-06.44.14:889][  0]Cmd: MAP LOAD FILE="../../../../../../Users/LAPTOP/Documents/Unreal Projects/Proyecto1PT/Content/ThirdPersonBP/Maps/ThirdPersonExampleMap.umap" TEMPLATE=0 SHOWPROGRESS=1 FEATURELEVEL=2
[2016.09.14-06.44.14:992][  0]LightingResults: New page: Lighting Build
[2016.09.14-06.44.15:679][  0]MapCheck: New page: Map Check
[2016.09.14-06.44.15:679][  0]LightingResults: New page: Lighting Build
[2016.09.14-06.44.24:085][  0]LogTexture:Display: Building textures: T_ML_Rubber_Blue_01_D (AutoDXT)
[2016.09.14-06.44.24:979][  0]LogTexture:Display: Building textures: T_ML_Rubber_Blue_01_N (BC5)
[2016.09.14-06.44.25:045][  0]LogTexture:Display: Building textures: UE4_LOGO_CARD (AutoDXT)
[2016.09.14-06.44.28:417][  0]LogTexture:Display: Building textures: T_ML_Aluminum01 (AutoDXT)
[2016.09.14-06.44.28:954][  0]LogTexture:Display: Building textures: T_ML_Aluminum01_N (BC5)
[2016.09.14-06.44.29:057][  0]LogTexture:Display: Building textures: UE4_Mannequin_MAT_MASKA (AutoDXT)
[2016.09.14-06.44.29:669][  0]LogTexture:Display: Building textures: UE4_Mannequin__normals (BC5)
[2016.09.14-06.44.31:207][  0]LogTexture:Display: Building textures: HQ_Lightmap2_1 (AutoDXT)
[2016.09.14-06.44.32:117][  0]LogTexture:Display: Building textures: HQ_Lightmap2_2 (AutoDXT)
[2016.09.14-06.44.32:661][  0]LogTexture:Display: Building textures: HQ_Lightmap2_3 (AutoDXT)
[2016.09.14-06.44.32:767][  0]LogTexture:Display: Building textures: HQ_Lightmap2_4 (AutoDXT)
[2016.09.14-06.44.32:905][  0]LogTexture:Display: Building textures: HQ_Lightmap2_5 (AutoDXT)
[2016.09.14-06.44.32:994][  0]LogTexture:Display: Building textures: HQ_Lightmap2_6 (AutoDXT)
[2016.09.14-06.44.33:030][  0]LogTexture:Display: Building textures: LQ_Lightmap_0_1 (DXT1)
[2016.09.14-06.44.33:289][  0]LogTexture:Display: Building textures: LQ_Lightmap_0_2 (DXT1)
[2016.09.14-06.44.33:469][  0]LogTexture:Display: Building textures: LQ_Lightmap_0_3 (DXT1)
[2016.09.14-06.44.33:526][  0]LogTexture:Display: Building textures: LQ_Lightmap_0_4 (DXT1)
[2016.09.14-06.44.33:557][  0]LogTexture:Display: Building textures: LQ_Lightmap_0_5 (DXT1)
[2016.09.14-06.44.33:609][  0]LogTexture:Display: Building textures: LQ_Lightmap_0_6 (DXT1)
[2016.09.14-06.44.33:751][  0]LogTexture:Display: Building textures: SkyOcclusion0_1 (AutoDXT)
[2016.09.14-06.44.34:163][  0]LogTexture:Display: Building textures: SkyOcclusion0_2 (AutoDXT)
[2016.09.14-06.44.34:365][  0]LogTexture:Display: Building textures: SkyOcclusion0_3 (AutoDXT)
[2016.09.14-06.44.34:409][  0]LogTexture:Display: Building textures: SkyOcclusion0_4 (AutoDXT)
[2016.09.14-06.44.34:451][  0]LogTexture:Display: Building textures: SkyOcclusion0_5 (AutoDXT)
[2016.09.14-06.44.34:502][  0]LogTexture:Display: Building textures: SkyOcclusion0_6 (AutoDXT)
[2016.09.14-06.44.34:536][  0]LogTexture:Display: Building textures: ShadowMapTexture2D_12 (G8)
[2016.09.14-06.44.34:568][  0]LogTexture:Display: Building textures: ShadowMapTexture2D_13 (G8)
[2016.09.14-06.44.34:600][  0]LogTexture:Display: Building textures: ShadowMapTexture2D_14 (G8)
[2016.09.14-06.44.34:607][  0]LogTexture:Display: Building textures: ShadowMapTexture2D_15 (G8)
[2016.09.14-06.44.34:616][  0]LogTexture:Display: Building textures: ShadowMapTexture2D_16 (G8)
[2016.09.14-06.44.34:624][  0]LogTexture:Display: Building textures: ShadowMapTexture2D_17 (G8)
[2016.09.14-06.44.34:883][  0]LogTexture:Display: Building textures: UE4Man_Logo_N (BC5)
[2016.09.14-06.44.35:222][  0]LogAIModule: Creating AISystem for world ThirdPersonExampleMap
[2016.09.14-06.44.43:425][  0]LogEditorServer: Finished looking for orphan Actors (0.007 secs)
[2016.09.14-06.44.43:602][  0]Cmd: MAP CHECKDEP NOCLEARLOG
[2016.09.14-06.44.43:861][  0]MapCheck: Info Map check complete: 0 Error(s), 0 Warning(s), took 252.16ms to complete.
[2016.09.14-06.44.43:861][  0]LogFileHelpers: Loading map 'ThirdPersonExampleMap' took 29.003
[2016.09.14-06.44.46:304][  0]LogWindowsTextInputMethodSystem:Display: IME system now deactivated.
[2016.09.14-06.44.49:596][  0]LogCollectionManager: Loaded 0 collections in 0.002640 seconds
[2016.09.14-06.44.50:658][  0]LogFileCache: Scanning file cache for directory 'C:/Users/LAPTOP/Documents/Unreal Projects/Proyecto1PT/Saved/Collections/' took 0.01s
[2016.09.14-06.44.50:658][  0]LogFileCache: Scanning file cache for directory 'C:/Users/LAPTOP/Documents/Unreal Projects/Proyecto1PT/Content/Developers/LAPTOP/Collections/' took 0.01s
[2016.09.14-06.44.50:658][  0]LogFileCache: Scanning file cache for directory 'C:/Users/LAPTOP/Documents/Unreal Projects/Proyecto1PT/Content/Collections/' took 0.01s
[2016.09.14-06.44.50:658][  0]LogCollectionManager: Rebuilt the GUID cache for 0 collections in 0.000024 seconds
[2016.09.14-06.44.50:710][  0]LogContentBrowser: Native class hierarchy populated in 0.0419 seconds. Added 2047 classes and 369 folders.
[2016.09.14-06.44.50:934][  0]LogStats: UGameplayTagsManager::ConstructGameplayTagTree: Construct from data asset -  0.000 s
[2016.09.14-06.44.50:935][  0]LogStats: UGameplayTagsManager::ConstructGameplayTagTree: GameplayTagTreeChangedEvent.Broadcast -  0.000 s
[2016.09.14-06.44.50:997][  0]LogContentBrowser: Native class hierarchy updated for 'GameplayTags' in 0.0008 seconds. Added 12 classes and 0 folders.
[2016.09.14-06.44.51:247][  0]LogContentBrowser: Native class hierarchy updated for 'WidgetCarousel' in 0.0007 seconds. Added 0 classes and 0 folders.
[2016.09.14-06.44.55:459][  0]LogContentBrowser: Native class hierarchy updated for 'AddContentDialog' in 0.0007 seconds. Added 0 classes and 0 folders.
[2016.09.14-06.44.58:211][  0]LogContentBrowser: Native class hierarchy updated for 'SceneOutliner' in 0.0007 seconds. Added 1 classes and 2 folders.
[2016.09.14-06.44.59:998][  0]LogCrashTracker: Crashtracker disabled due to settings.
[2016.09.14-06.45.00:837][  0]LogUObjectGlobals:Warning: Failed to find object 'Class None.'
[2016.09.14-06.45.01:226][  0]LogContentBrowser: Native class hierarchy updated for 'HierarchicalLODOutliner' in 0.0007 seconds. Added 1 classes and 2 folders.
[2016.09.14-06.45.01:226][  0]LogLoad: Full Startup: 400.17 seconds (BP compile: 1.31 seconds)
[2016.09.14-06.45.01:226][  0]LogExternalProfiler: No external profilers were discovered.  External profiling features will not be available.
[2016.09.14-06.45.01:558][  0]LogOcInput: OculusInput pre-init called
[2016.09.14-06.45.03:742][  0]LogContentStreaming: Texture pool size now 1000 MB
[2016.09.14-06.45.06:694][  0]LogTexture:Display: Building textures: icon_tab_Levels_40x (BGRA8)
[2016.09.14-06.45.08:094][  0]LogTexture:Display: Building textures: LevelGrid1DStripes (BGRA8)
[2016.09.14-06.45.11:226][  0]LogRenderer: Reallocating scene render targets to support 1004x456 (Frame:3).
[2016.09.14-06.45.13:203][  8]LogAssetRegistry: Asset discovery search completed in 343.3958 seconds
[2016.09.14-06.45.13:219][  8]LogCollectionManager: Rebuilt the object cache for 0 collections in 0.000001 seconds (found 0 objects)
[2016.09.14-06.45.13:262][  8]LogCollectionManager: Fixed up redirectors for 0 collections in 0.048237 seconds (updated 0 objects)
[2016.09.14-06.45.18:931][ 74]LogEditorViewport: Clicking on Actor (LMB): StaticMeshActor (Wall5)
[2016.09.14-06.45.22:851][ 74]LogEditorViewport: Clicking on Actor (context menu): StaticMeshActor (LeftArm_StaticMesh)
[2016.09.14-06.45.25:669][117]LogEditorViewport: Clicking on Actor (LMB): StaticMeshActor (Floor)
[2016.09.14-06.45.29:507][188]LogEditorViewport: Clicking on Actor (LMB): StaticMeshActor (Floor)
[2016.09.14-06.45.30:469][207]Cmd: SELECT NONE
[2016.09.14-06.45.35:016][282]LogTexture:Display: Building textures: Blueprint_64x (BGRA8)
[2016.09.14-06.45.35:128][282]LogTexture:Display: Building textures: icon_Editor_Preferences_General_40x (BGRA8)
[20